{"meta": {"format": 3, "version": "7.11.0", "timestamp": "2025-11-06T14:31:34.954138", "branch_coverage": true, "show_contexts": false}, "files": {"awslabs/pcap_analyzer_mcp_server/pcap_analyzer_server.py": {"executed_lines": [2, 7, 8, 9, 10, 11, 12, 13, 15, 18, 19, 21, 25, 26, 29, 30, 33, 37, 39, 43, 46, 49, 53, 54, 55, 59, 62, 65, 67, 68, 71, 74, 75, 76, 80, 82, 86, 87, 107, 108, 111, 118, 119, 122, 123, 124, 130, 131, 134, 138, 140, 141, 143, 146, 148, 149, 151, 152, 154, 157, 159, 160, 163, 182, 183, 184, 185, 188, 191, 193, 194, 197, 198, 199, 200, 203, 206, 208, 209, 212, 213, 216, 218, 219, 220, 223, 224, 227, 252, 254, 255, 256, 257, 258, 261, 263, 264, 265, 266, 267, 268, 269, 270, 273, 274, 275, 278, 279, 301, 302, 378, 379, 413, 414, 453, 454, 518, 519, 546, 547, 620, 621, 655, 656, 687, 688, 720, 721, 786, 787, 879, 880, 945, 946, 1010, 1011, 1121, 1122, 1185, 1186, 1255, 1256, 1325, 1326, 1395, 1396, 1436, 1437, 1473, 1474, 1580, 1581, 1650, 1651, 1757, 1758, 1798, 1799, 1905, 1906, 1946, 1947, 2037, 2038, 2102, 2103, 2174, 2175, 2257, 2294, 2316, 2347, 2401, 2402, 2416, 2428], "summary": {"covered_lines": 174, "num_statements": 802, "percent_covered": 18.166383701188455, "percent_covered_display": "18", "missing_lines": 628, "excluded_lines": 2, "num_branches": 376, "num_partial_branches": 12, "covered_branches": 40, "missing_branches": 336}, "missing_lines": [22, 23, 28, 40, 47, 50, 56, 60, 77, 90, 91, 93, 98, 99, 100, 101, 102, 103, 105, 114, 115, 120, 125, 126, 127, 222, 229, 230, 233, 234, 237, 240, 247, 249, 281, 283, 284, 289, 290, 291, 292, 295, 296, 298, 318, 319, 321, 322, 324, 325, 328, 329, 330, 331, 332, 334, 336, 338, 340, 349, 350, 353, 356, 365, 374, 375, 381, 382, 384, 385, 387, 389, 391, 392, 395, 398, 399, 401, 409, 410, 429, 430, 432, 433, 435, 437, 438, 439, 440, 441, 442, 443, 444, 445, 447, 449, 450, 458, 459, 461, 462, 464, 466, 467, 489, 491, 492, 493, 494, 495, 496, 507, 514, 515, 523, 524, 526, 527, 529, 531, 532, 533, 535, 542, 543, 555, 556, 558, 559, 561, 562, 564, 566, 568, 569, 571, 573, 591, 593, 594, 595, 596, 597, 598, 607, 616, 617, 623, 625, 626, 627, 628, 629, 630, 631, 633, 643, 645, 651, 652, 658, 660, 661, 662, 663, 664, 666, 678, 683, 684, 692, 693, 695, 696, 698, 700, 702, 703, 706, 707, 709, 716, 717, 728, 729, 731, 732, 734, 736, 738, 758, 760, 761, 762, 763, 764, 765, 775, 782, 783, 794, 795, 797, 798, 800, 802, 804, 822, 825, 841, 843, 844, 845, 846, 847, 848, 857, 858, 859, 860, 861, 862, 866, 875, 876, 889, 890, 892, 893, 895, 897, 898, 918, 920, 921, 922, 923, 924, 925, 934, 941, 942, 953, 954, 956, 957, 959, 961, 962, 982, 984, 985, 986, 987, 988, 989, 999, 1006, 1007, 1020, 1021, 1023, 1024, 1026, 1028, 1030, 1051, 1073, 1074, 1076, 1077, 1078, 1079, 1080, 1081, 1092, 1093, 1094, 1095, 1096, 1097, 1108, 1117, 1118, 1131, 1132, 1134, 1135, 1137, 1139, 1140, 1158, 1160, 1161, 1162, 1163, 1164, 1165, 1174, 1181, 1182, 1195, 1196, 1198, 1199, 1201, 1203, 1204, 1226, 1228, 1229, 1230, 1231, 1232, 1233, 1244, 1251, 1252, 1265, 1266, 1268, 1269, 1271, 1273, 1275, 1276, 1279, 1297, 1299, 1300, 1301, 1302, 1303, 1304, 1313, 1321, 1322, 1335, 1336, 1338, 1339, 1341, 1343, 1344, 1366, 1368, 1369, 1370, 1371, 1372, 1373, 1384, 1391, 1392, 1406, 1407, 1409, 1410, 1412, 1414, 1415, 1423, 1425, 1432, 1433, 1447, 1448, 1450, 1451, 1453, 1455, 1456, 1457, 1458, 1460, 1462, 1469, 1470, 1483, 1484, 1486, 1487, 1489, 1491, 1493, 1514, 1534, 1535, 1537, 1538, 1539, 1540, 1541, 1542, 1552, 1553, 1554, 1555, 1556, 1557, 1567, 1576, 1577, 1590, 1591, 1593, 1594, 1596, 1598, 1599, 1621, 1623, 1624, 1625, 1626, 1627, 1628, 1639, 1646, 1647, 1660, 1661, 1663, 1664, 1666, 1668, 1670, 1691, 1711, 1712, 1714, 1715, 1716, 1717, 1718, 1719, 1729, 1730, 1731, 1732, 1733, 1734, 1744, 1753, 1754, 1768, 1769, 1771, 1772, 1774, 1776, 1777, 1785, 1787, 1794, 1795, 1808, 1809, 1811, 1812, 1814, 1816, 1818, 1839, 1859, 1860, 1862, 1863, 1864, 1865, 1866, 1867, 1877, 1878, 1879, 1880, 1881, 1882, 1892, 1901, 1902, 1916, 1917, 1919, 1920, 1922, 1924, 1925, 1926, 1927, 1928, 1931, 1933, 1935, 1942, 1943, 1956, 1957, 1959, 1960, 1962, 1964, 1966, 1967, 1970, 1985, 1988, 2003, 2005, 2006, 2007, 2008, 2009, 2010, 2014, 2015, 2016, 2017, 2018, 2019, 2023, 2033, 2034, 2047, 2048, 2050, 2051, 2053, 2055, 2057, 2075, 2077, 2078, 2079, 2080, 2081, 2082, 2091, 2098, 2099, 2112, 2113, 2115, 2116, 2118, 2120, 2122, 2123, 2126, 2145, 2147, 2148, 2149, 2150, 2151, 2152, 2162, 2170, 2171, 2184, 2185, 2187, 2188, 2190, 2192, 2193, 2196, 2215, 2216, 2227, 2228, 2232, 2233, 2246, 2253, 2254, 2262, 2263, 2265, 2266, 2267, 2269, 2272, 2273, 2274, 2276, 2277, 2281, 2283, 2299, 2300, 2302, 2303, 2304, 2306, 2308, 2321, 2322, 2325, 2326, 2327, 2329, 2332, 2333, 2334, 2336, 2338, 2352, 2353, 2355, 2358, 2366, 2367, 2378, 2379, 2380, 2382, 2383, 2387, 2388, 2392, 2404, 2413, 2419, 2420, 2421, 2422, 2425], "excluded_lines": [2428, 2429], "executed_branches": [[39, 43], [46, 49], [49, 53], [54, 55], [54, 59], [55, 54], [59, 62], [67, 68], [67, 71], [75, 76], [75, 80], [76, 75], [119, 122], [124, 130], [140, 141], [140, 143], [148, 149], [148, 151], [151, 152], [151, 154], [159, 160], [159, 163], [183, 184], [183, 188], [184, 183], [184, 185], [193, 194], [193, 197], [198, 199], [198, 203], [199, 198], [199, 200], [208, 209], [208, 212], [216, 218], [219, 220], [266, 267], [266, 273], [267, 268], [269, 270]], "missing_branches": [[39, 40], [46, 47], [49, 50], [55, 56], [59, 60], [76, 77], [93, 98], [93, 105], [119, 120], [124, 125], [216, 222], [219, 222], [229, 230], [229, 233], [233, 234], [233, 237], [267, 266], [269, 266], [283, 284], [283, 289], [318, 319], [318, 321], [321, 322], [321, 324], [324, 325], [324, 328], [329, 330], [329, 334], [330, 331], [330, 332], [349, 350], [349, 353], [381, 382], [381, 384], [429, 430], [429, 432], [432, 433], [432, 435], [438, 439], [438, 440], [440, 441], [440, 442], [442, 443], [442, 444], [444, 445], [444, 447], [458, 459], [458, 461], [461, 462], [461, 464], [492, 493], [492, 507], [493, 492], [493, 494], [495, 492], [495, 496], [523, 524], [523, 526], [526, 527], [526, 529], [555, 556], [555, 558], [558, 559], [558, 561], [561, 562], [561, 564], [569, 571], [569, 573], [594, 595], [594, 607], [595, 594], [595, 596], [597, 594], [597, 598], [627, 628], [627, 643], [628, 627], [628, 629], [662, 663], [662, 678], [692, 693], [692, 695], [695, 696], [695, 698], [728, 729], [728, 731], [731, 732], [731, 734], [761, 762], [761, 775], [762, 761], [762, 763], [764, 761], [764, 765], [794, 795], [794, 797], [797, 798], [797, 800], [844, 845], [844, 857], [845, 844], [845, 846], [847, 844], [847, 848], [858, 859], [858, 866], [859, 858], [859, 860], [861, 858], [861, 862], [889, 890], [889, 892], [892, 893], [892, 895], [921, 922], [921, 934], [922, 921], [922, 923], [924, 921], [924, 925], [953, 954], [953, 956], [956, 957], [956, 959], [985, 986], [985, 999], [986, 985], [986, 987], [988, 985], [988, 989], [1020, 1021], [1020, 1023], [1023, 1024], [1023, 1026], [1077, 1078], [1077, 1092], [1078, 1077], [1078, 1079], [1080, 1077], [1080, 1081], [1093, 1094], [1093, 1108], [1094, 1093], [1094, 1095], [1096, 1093], [1096, 1097], [1131, 1132], [1131, 1134], [1134, 1135], [1134, 1137], [1161, 1162], [1161, 1174], [1162, 1161], [1162, 1163], [1164, 1161], [1164, 1165], [1195, 1196], [1195, 1198], [1198, 1199], [1198, 1201], [1229, 1230], [1229, 1244], [1230, 1229], [1230, 1231], [1232, 1229], [1232, 1233], [1265, 1266], [1265, 1268], [1268, 1269], [1268, 1271], [1300, 1301], [1300, 1313], [1301, 1300], [1301, 1302], [1303, 1300], [1303, 1304], [1335, 1336], [1335, 1338], [1338, 1339], [1338, 1341], [1369, 1370], [1369, 1384], [1370, 1369], [1370, 1371], [1372, 1369], [1372, 1373], [1406, 1407], [1406, 1409], [1409, 1410], [1409, 1412], [1447, 1448], [1447, 1450], [1450, 1451], [1450, 1453], [1457, 1458], [1457, 1460], [1483, 1484], [1483, 1486], [1486, 1487], [1486, 1489], [1538, 1539], [1538, 1552], [1539, 1538], [1539, 1540], [1541, 1538], [1541, 1542], [1553, 1554], [1553, 1567], [1554, 1553], [1554, 1555], [1556, 1553], [1556, 1557], [1590, 1591], [1590, 1593], [1593, 1594], [1593, 1596], [1624, 1625], [1624, 1639], [1625, 1624], [1625, 1626], [1627, 1624], [1627, 1628], [1660, 1661], [1660, 1663], [1663, 1664], [1663, 1666], [1715, 1716], [1715, 1729], [1716, 1715], [1716, 1717], [1718, 1715], [1718, 1719], [1730, 1731], [1730, 1744], [1731, 1730], [1731, 1732], [1733, 1730], [1733, 1734], [1768, 1769], [1768, 1771], [1771, 1772], [1771, 1774], [1808, 1809], [1808, 1811], [1811, 1812], [1811, 1814], [1863, 1864], [1863, 1877], [1864, 1863], [1864, 1865], [1866, 1863], [1866, 1867], [1878, 1879], [1878, 1892], [1879, 1878], [1879, 1880], [1881, 1878], [1881, 1882], [1916, 1917], [1916, 1919], [1919, 1920], [1919, 1922], [1925, 1926], [1925, 1927], [1927, 1928], [1927, 1931], [1956, 1957], [1956, 1959], [1959, 1960], [1959, 1962], [2006, 2007], [2006, 2014], [2007, 2006], [2007, 2008], [2009, 2006], [2009, 2010], [2015, 2016], [2015, 2023], [2016, 2015], [2016, 2017], [2018, 2015], [2018, 2019], [2047, 2048], [2047, 2050], [2050, 2051], [2050, 2053], [2078, 2079], [2078, 2091], [2079, 2078], [2079, 2080], [2081, 2078], [2081, 2082], [2112, 2113], [2112, 2115], [2115, 2116], [2115, 2118], [2148, 2149], [2148, 2162], [2149, 2148], [2149, 2150], [2151, 2148], [2151, 2152], [2184, 2185], [2184, 2187], [2187, 2188], [2187, 2190], [2215, 2216], [2215, 2246], [2232, 2215], [2232, 2233], [2262, 2263], [2262, 2265], [2266, 2267], [2266, 2269], [2273, 2274], [2273, 2276], [2299, 2300], [2299, 2302], [2303, 2304], [2303, 2306], [2321, 2322], [2321, 2325], [2326, 2327], [2326, 2329], [2333, 2334], [2333, 2336], [2352, 2353], [2352, 2355], [2366, 2367], [2366, 2392], [2378, 2379], [2378, 2382], [2387, 2366], [2387, 2388], [2419, 2420], [2419, 2425]], "functions": {"validate_executable_path": {"executed_lines": [39, 43, 46, 49, 53, 54, 55, 59, 62], "summary": {"covered_lines": 9, "num_statements": 14, "percent_covered": 61.53846153846154, "percent_covered_display": "62", "missing_lines": 5, "excluded_lines": 0, "num_branches": 12, "num_partial_branches": 5, "covered_branches": 7, "missing_branches": 5}, "missing_lines": [40, 47, 50, 56, 60], "excluded_lines": [], "executed_branches": [[39, 43], [46, 49], [49, 53], [54, 55], [54, 59], [55, 54], [59, 62]], "missing_branches": [[39, 40], [46, 47], [49, 50], [55, 56], [59, 60]]}, "validate_directory_path": {"executed_lines": [67, 68, 71, 74, 75, 76, 80, 82], "summary": {"covered_lines": 8, "num_statements": 9, "percent_covered": 86.66666666666667, "percent_covered_display": "87", "missing_lines": 1, "excluded_lines": 0, "num_branches": 6, "num_partial_branches": 1, "covered_branches": 5, "missing_branches": 1}, "missing_lines": [77], "excluded_lines": [], "executed_branches": [[67, 68], [67, 71], [75, 76], [75, 80], [76, 75]], "missing_branches": [[76, 77]]}, "validate_interface_name": {"executed_lines": [140, 141, 143], "summary": {"covered_lines": 3, "num_statements": 3, "percent_covered": 100.0, "percent_covered_display": "100", "missing_lines": 0, "excluded_lines": 0, "num_branches": 2, "num_partial_branches": 0, "covered_branches": 2, "missing_branches": 0}, "missing_lines": [], "excluded_lines": [], "executed_branches": [[140, 141], [140, 143]], "missing_branches": []}, "validate_pcap_filename": {"executed_lines": [148, 149, 151, 152, 154], "summary": {"covered_lines": 5, "num_statements": 5, "percent_covered": 100.0, "percent_covered_display": "100", "missing_lines": 0, "excluded_lines": 0, "num_branches": 4, "num_partial_branches": 0, "covered_branches": 4, "missing_branches": 0}, "missing_lines": [], "excluded_lines": [], "executed_branches": [[148, 149], [148, 151], [151, 152], [151, 154]], "missing_branches": []}, "validate_display_filter": {"executed_lines": [159, 160, 163, 182, 183, 184, 185, 188], "summary": {"covered_lines": 8, "num_statements": 8, "percent_covered": 100.0, "percent_covered_display": "100", "missing_lines": 0, "excluded_lines": 0, "num_branches": 6, "num_partial_branches": 0, "covered_branches": 6, "missing_branches": 0}, "missing_lines": [], "excluded_lines": [], "executed_branches": [[159, 160], [159, 163], [183, 184], [183, 188], [184, 183], [184, 185]], "missing_branches": []}, "validate_search_pattern": {"executed_lines": [193, 194, 197, 198, 199, 200, 203], "summary": {"covered_lines": 7, "num_statements": 7, "percent_covered": 100.0, "percent_covered_display": "100", "missing_lines": 0, "excluded_lines": 0, "num_branches": 6, "num_partial_branches": 0, "covered_branches": 6, "missing_branches": 0}, "missing_lines": [], "excluded_lines": [], "executed_branches": [[193, 194], [193, 197], [198, 199], [198, 203], [199, 198], [199, 200]], "missing_branches": []}, "sanitize_path": {"executed_lines": [208, 209, 212, 213, 216, 218, 219, 220, 223, 224], "summary": {"covered_lines": 10, "num_statements": 11, "percent_covered": 82.3529411764706, "percent_covered_display": "82", "missing_lines": 1, "excluded_lines": 0, "num_branches": 6, "num_partial_branches": 2, "covered_branches": 4, "missing_branches": 2}, "missing_lines": [222], "excluded_lines": [], "executed_branches": [[208, 209], [208, 212], [216, 218], [219, 220]], "missing_branches": [[216, 222], [219, 222]]}, "safe_subprocess_run": {"executed_lines": [], "summary": {"covered_lines": 0, "num_statements": 8, "percent_covered": 0.0, "percent_covered_display": "0", "missing_lines": 8, "excluded_lines": 0, "num_branches": 4, "num_partial_branches": 0, "covered_branches": 0, "missing_branches": 4}, "missing_lines": [229, 230, 233, 234, 237, 240, 247, 249], "excluded_lines": [], "executed_branches": [], "missing_branches": [[229, 230], [229, 233], [233, 234], [233, 237]]}, "check_tshark_available": {"executed_lines": [254, 255, 256, 257, 258], "summary": {"covered_lines": 5, "num_statements": 5, "percent_covered": 100.0, "percent_covered_display": "100", "missing_lines": 0, "excluded_lines": 0, "num_branches": 0, "num_partial_branches": 0, "covered_branches": 0, "missing_branches": 0}, "missing_lines": [], "excluded_lines": [], "executed_branches": [], "missing_branches": []}, "get_network_interfaces": {"executed_lines": [263, 264, 265, 266, 267, 268, 269, 270, 273, 274, 275], "summary": {"covered_lines": 11, "num_statements": 11, "percent_covered": 88.23529411764706, "percent_covered_display": "88", "missing_lines": 0, "excluded_lines": 0, "num_branches": 6, "num_partial_branches": 2, "covered_branches": 4, "missing_branches": 2}, "missing_lines": [], "excluded_lines": [], "executed_branches": [[266, 267], [266, 273], [267, 268], [269, 270]], "missing_branches": [[267, 266], [269, 266]]}, "list_network_interfaces": {"executed_lines": [], "summary": {"covered_lines": 0, "num_statements": 10, "percent_covered": 0.0, "percent_covered_display": "0", "missing_lines": 10, "excluded_lines": 0, "num_branches": 2, "num_partial_branches": 0, "covered_branches": 0, "missing_branches": 2}, "missing_lines": [281, 283, 284, 289, 290, 291, 292, 295, 296, 298], "excluded_lines": [], "executed_branches": [], "missing_branches": [[283, 284], [283, 289]]}, "start_packet_capture": {"executed_lines": [], "summary": {"covered_lines": 0, "num_statements": 22, "percent_covered": 0.0, "percent_covered_display": "0", "missing_lines": 22, "excluded_lines": 0, "num_branches": 12, "num_partial_branches": 0, "covered_branches": 0, "missing_branches": 12}, "missing_lines": [318, 319, 321, 322, 324, 325, 328, 329, 330, 331, 332, 334, 336, 338, 340, 349, 350, 353, 356, 365, 374, 375], "excluded_lines": [], "executed_branches": [], "missing_branches": [[318, 319], [318, 321], [321, 322], [321, 324], [324, 325], [324, 328], [329, 330], [329, 334], [330, 331], [330, 332], [349, 350], [349, 353]]}, "stop_packet_capture": {"executed_lines": [], "summary": {"covered_lines": 0, "num_statements": 14, "percent_covered": 0.0, "percent_covered_display": "0", "missing_lines": 14, "excluded_lines": 0, "num_branches": 2, "num_partial_branches": 0, "covered_branches": 0, "missing_branches": 2}, "missing_lines": [381, 382, 384, 385, 387, 389, 391, 392, 395, 398, 399, 401, 409, 410], "excluded_lines": [], "executed_branches": [], "missing_branches": [[381, 382], [381, 384]]}, "analyze_pcap_file": {"executed_lines": [], "summary": {"covered_lines": 0, "num_statements": 17, "percent_covered": 0.0, "percent_covered_display": "0", "missing_lines": 17, "excluded_lines": 0, "num_branches": 12, "num_partial_branches": 0, "covered_branches": 0, "missing_branches": 12}, "missing_lines": [429, 430, 432, 433, 435, 437, 438, 439, 440, 441, 442, 443, 444, 445, 447, 449, 450], "excluded_lines": [], "executed_branches": [], "missing_branches": [[429, 430], [429, 432], [432, 433], [432, 435], [438, 439], [438, 440], [440, 441], [440, 442], [442, 443], [442, 444], [444, 445], [444, 447]]}, "extract_http_requests": {"executed_lines": [], "summary": {"covered_lines": 0, "num_statements": 17, "percent_covered": 0.0, "percent_covered_display": "0", "missing_lines": 17, "excluded_lines": 0, "num_branches": 10, "num_partial_branches": 0, "covered_branches": 0, "missing_branches": 10}, "missing_lines": [458, 459, 461, 462, 464, 466, 467, 489, 491, 492, 493, 494, 495, 496, 507, 514, 515], "excluded_lines": [], "executed_branches": [], "missing_branches": [[458, 459], [458, 461], [461, 462], [461, 464], [492, 493], [492, 507], [493, 492], [493, 494], [495, 492], [495, 496]]}, "generate_traffic_timeline": {"executed_lines": [], "summary": {"covered_lines": 0, "num_statements": 11, "percent_covered": 0.0, "percent_covered_display": "0", "missing_lines": 11, "excluded_lines": 0, "num_branches": 4, "num_partial_branches": 0, "covered_branches": 0, "missing_branches": 4}, "missing_lines": [523, 524, 526, 527, 529, 531, 532, 533, 535, 542, 543], "excluded_lines": [], "executed_branches": [], "missing_branches": [[523, 524], [523, 526], [526, 527], [526, 529]]}, "search_packet_content": {"executed_lines": [], "summary": {"covered_lines": 0, "num_statements": 22, "percent_covered": 0.0, "percent_covered_display": "0", "missing_lines": 22, "excluded_lines": 0, "num_branches": 14, "num_partial_branches": 0, "covered_branches": 0, "missing_branches": 14}, "missing_lines": [555, 556, 558, 559, 561, 562, 564, 566, 568, 569, 571, 573, 591, 593, 594, 595, 596, 597, 598, 607, 616, 617], "excluded_lines": [], "executed_branches": [], "missing_branches": [[555, 556], [555, 558], [558, 559], [558, 561], [561, 562], [561, 564], [569, 571], [569, 573], [594, 595], [594, 607], [595, 594], [595, 596], [597, 594], [597, 598]]}, "list_captured_files": {"executed_lines": [], "summary": {"covered_lines": 0, "num_statements": 13, "percent_covered": 0.0, "percent_covered_display": "0", "missing_lines": 13, "excluded_lines": 0, "num_branches": 4, "num_partial_branches": 0, "covered_branches": 0, "missing_branches": 4}, "missing_lines": [623, 625, 626, 627, 628, 629, 630, 631, 633, 643, 645, 651, 652], "excluded_lines": [], "executed_branches": [], "missing_branches": [[627, 628], [627, 643], [628, 627], [628, 629]]}, "get_capture_status": {"executed_lines": [], "summary": {"covered_lines": 0, "num_statements": 10, "percent_covered": 0.0, "percent_covered_display": "0", "missing_lines": 10, "excluded_lines": 0, "num_branches": 2, "num_partial_branches": 0, "covered_branches": 0, "missing_branches": 2}, "missing_lines": [658, 660, 661, 662, 663, 664, 666, 678, 683, 684], "excluded_lines": [], "executed_branches": [], "missing_branches": [[662, 663], [662, 678]]}, "analyze_network_performance": {"executed_lines": [], "summary": {"covered_lines": 0, "num_statements": 13, "percent_covered": 0.0, "percent_covered_display": "0", "missing_lines": 13, "excluded_lines": 0, "num_branches": 4, "num_partial_branches": 0, "covered_branches": 0, "missing_branches": 4}, "missing_lines": [692, 693, 695, 696, 698, 700, 702, 703, 706, 707, 709, 716, 717], "excluded_lines": [], "executed_branches": [], "missing_branches": [[692, 693], [692, 695], [695, 696], [695, 698]]}, "analyze_tls_handshakes": {"executed_lines": [], "summary": {"covered_lines": 0, "num_statements": 17, "percent_covered": 0.0, "percent_covered_display": "0", "missing_lines": 17, "excluded_lines": 0, "num_branches": 10, "num_partial_branches": 0, "covered_branches": 0, "missing_branches": 10}, "missing_lines": [728, 729, 731, 732, 734, 736, 738, 758, 760, 761, 762, 763, 764, 765, 775, 782, 783], "excluded_lines": [], "executed_branches": [], "missing_branches": [[728, 729], [728, 731], [731, 732], [731, 734], [761, 762], [761, 775], [762, 761], [762, 763], [764, 761], [764, 765]]}, "analyze_sni_mismatches": {"executed_lines": [], "summary": {"covered_lines": 0, "num_statements": 25, "percent_covered": 0.0, "percent_covered_display": "0", "missing_lines": 25, "excluded_lines": 0, "num_branches": 16, "num_partial_branches": 0, "covered_branches": 0, "missing_branches": 16}, "missing_lines": [794, 795, 797, 798, 800, 802, 804, 822, 825, 841, 843, 844, 845, 846, 847, 848, 857, 858, 859, 860, 861, 862, 866, 875, 876], "excluded_lines": [], "executed_branches": [], "missing_branches": [[794, 795], [794, 797], [797, 798], [797, 800], [844, 845], [844, 857], [845, 844], [845, 846], [847, 844], [847, 848], [858, 859], [858, 866], [859, 858], [859, 860], [861, 858], [861, 862]]}, "extract_certificate_details": {"executed_lines": [], "summary": {"covered_lines": 0, "num_statements": 17, "percent_covered": 0.0, "percent_covered_display": "0", "missing_lines": 17, "excluded_lines": 0, "num_branches": 10, "num_partial_branches": 0, "covered_branches": 0, "missing_branches": 10}, "missing_lines": [889, 890, 892, 893, 895, 897, 898, 918, 920, 921, 922, 923, 924, 925, 934, 941, 942], "excluded_lines": [], "executed_branches": [], "missing_branches": [[889, 890], [889, 892], [892, 893], [892, 895], [921, 922], [921, 934], [922, 921], [922, 923], [924, 921], [924, 925]]}, "analyze_tls_alerts": {"executed_lines": [], "summary": {"covered_lines": 0, "num_statements": 17, "percent_covered": 0.0, "percent_covered_display": "0", "missing_lines": 17, "excluded_lines": 0, "num_branches": 10, "num_partial_branches": 0, "covered_branches": 0, "missing_branches": 10}, "missing_lines": [953, 954, 956, 957, 959, 961, 962, 982, 984, 985, 986, 987, 988, 989, 999, 1006, 1007], "excluded_lines": [], "executed_branches": [], "missing_branches": [[953, 954], [953, 956], [956, 957], [956, 959], [985, 986], [985, 999], [986, 985], [986, 987], [988, 985], [988, 989]]}, "analyze_connection_lifecycle": {"executed_lines": [], "summary": {"covered_lines": 0, "num_statements": 25, "percent_covered": 0.0, "percent_covered_display": "0", "missing_lines": 25, "excluded_lines": 0, "num_branches": 16, "num_partial_branches": 0, "covered_branches": 0, "missing_branches": 16}, "missing_lines": [1020, 1021, 1023, 1024, 1026, 1028, 1030, 1051, 1073, 1074, 1076, 1077, 1078, 1079, 1080, 1081, 1092, 1093, 1094, 1095, 1096, 1097, 1108, 1117, 1118], "excluded_lines": [], "executed_branches": [], "missing_branches": [[1020, 1021], [1020, 1023], [1023, 1024], [1023, 1026], [1077, 1078], [1077, 1092], [1078, 1077], [1078, 1079], [1080, 1077], [1080, 1081], [1093, 1094], [1093, 1108], [1094, 1093], [1094, 1095], [1096, 1093], [1096, 1097]]}, "extract_tls_cipher_analysis": {"executed_lines": [], "summary": {"covered_lines": 0, "num_statements": 17, "percent_covered": 0.0, "percent_covered_display": "0", "missing_lines": 17, "excluded_lines": 0, "num_branches": 10, "num_partial_branches": 0, "covered_branches": 0, "missing_branches": 10}, "missing_lines": [1131, 1132, 1134, 1135, 1137, 1139, 1140, 1158, 1160, 1161, 1162, 1163, 1164, 1165, 1174, 1181, 1182], "excluded_lines": [], "executed_branches": [], "missing_branches": [[1131, 1132], [1131, 1134], [1134, 1135], [1134, 1137], [1161, 1162], [1161, 1174], [1162, 1161], [1162, 1163], [1164, 1161], [1164, 1165]]}, "analyze_tcp_retransmissions": {"executed_lines": [], "summary": {"covered_lines": 0, "num_statements": 17, "percent_covered": 0.0, "percent_covered_display": "0", "missing_lines": 17, "excluded_lines": 0, "num_branches": 10, "num_partial_branches": 0, "covered_branches": 0, "missing_branches": 10}, "missing_lines": [1195, 1196, 1198, 1199, 1201, 1203, 1204, 1226, 1228, 1229, 1230, 1231, 1232, 1233, 1244, 1251, 1252], "excluded_lines": [], "executed_branches": [], "missing_branches": [[1195, 1196], [1195, 1198], [1198, 1199], [1198, 1201], [1229, 1230], [1229, 1244], [1230, 1229], [1230, 1231], [1232, 1229], [1232, 1233]]}, "analyze_network_latency": {"executed_lines": [], "summary": {"covered_lines": 0, "num_statements": 19, "percent_covered": 0.0, "percent_covered_display": "0", "missing_lines": 19, "excluded_lines": 0, "num_branches": 10, "num_partial_branches": 0, "covered_branches": 0, "missing_branches": 10}, "missing_lines": [1265, 1266, 1268, 1269, 1271, 1273, 1275, 1276, 1279, 1297, 1299, 1300, 1301, 1302, 1303, 1304, 1313, 1321, 1322], "excluded_lines": [], "executed_branches": [], "missing_branches": [[1265, 1266], [1265, 1268], [1268, 1269], [1268, 1271], [1300, 1301], [1300, 1313], [1301, 1300], [1301, 1302], [1303, 1300], [1303, 1304]]}, "analyze_tcp_zero_window": {"executed_lines": [], "summary": {"covered_lines": 0, "num_statements": 17, "percent_covered": 0.0, "percent_covered_display": "0", "missing_lines": 17, "excluded_lines": 0, "num_branches": 10, "num_partial_branches": 0, "covered_branches": 0, "missing_branches": 10}, "missing_lines": [1335, 1336, 1338, 1339, 1341, 1343, 1344, 1366, 1368, 1369, 1370, 1371, 1372, 1373, 1384, 1391, 1392], "excluded_lines": [], "executed_branches": [], "missing_branches": [[1335, 1336], [1335, 1338], [1338, 1339], [1338, 1341], [1369, 1370], [1369, 1384], [1370, 1369], [1370, 1371], [1372, 1369], [1372, 1373]]}, "generate_throughput_io_graph": {"executed_lines": [], "summary": {"covered_lines": 0, "num_statements": 11, "percent_covered": 0.0, "percent_covered_display": "0", "missing_lines": 11, "excluded_lines": 0, "num_branches": 4, "num_partial_branches": 0, "covered_branches": 0, "missing_branches": 4}, "missing_lines": [1406, 1407, 1409, 1410, 1412, 1414, 1415, 1423, 1425, 1432, 1433], "excluded_lines": [], "executed_branches": [], "missing_branches": [[1406, 1407], [1406, 1409], [1409, 1410], [1409, 1412]]}, "analyze_expert_information": {"executed_lines": [], "summary": {"covered_lines": 0, "num_statements": 13, "percent_covered": 0.0, "percent_covered_display": "0", "missing_lines": 13, "excluded_lines": 0, "num_branches": 6, "num_partial_branches": 0, "covered_branches": 0, "missing_branches": 6}, "missing_lines": [1447, 1448, 1450, 1451, 1453, 1455, 1456, 1457, 1458, 1460, 1462, 1469, 1470], "excluded_lines": [], "executed_branches": [], "missing_branches": [[1447, 1448], [1447, 1450], [1450, 1451], [1450, 1453], [1457, 1458], [1457, 1460]]}, "analyze_dns_resolution_issues": {"executed_lines": [], "summary": {"covered_lines": 0, "num_statements": 25, "percent_covered": 0.0, "percent_covered_display": "0", "missing_lines": 25, "excluded_lines": 0, "num_branches": 16, "num_partial_branches": 0, "covered_branches": 0, "missing_branches": 16}, "missing_lines": [1483, 1484, 1486, 1487, 1489, 1491, 1493, 1514, 1534, 1535, 1537, 1538, 1539, 1540, 1541, 1542, 1552, 1553, 1554, 1555, 1556, 1557, 1567, 1576, 1577], "excluded_lines": [], "executed_branches": [], "missing_branches": [[1483, 1484], [1483, 1486], [1486, 1487], [1486, 1489], [1538, 1539], [1538, 1552], [1539, 1538], [1539, 1540], [1541, 1538], [1541, 1542], [1553, 1554], [1553, 1567], [1554, 1553], [1554, 1555], [1556, 1553], [1556, 1557]]}, "analyze_tcp_window_scaling": {"executed_lines": [], "summary": {"covered_lines": 0, "num_statements": 17, "percent_covered": 0.0, "percent_covered_display": "0", "missing_lines": 17, "excluded_lines": 0, "num_branches": 10, "num_partial_branches": 0, "covered_branches": 0, "missing_branches": 10}, "missing_lines": [1590, 1591, 1593, 1594, 1596, 1598, 1599, 1621, 1623, 1624, 1625, 1626, 1627, 1628, 1639, 1646, 1647], "excluded_lines": [], "executed_branches": [], "missing_branches": [[1590, 1591], [1590, 1593], [1593, 1594], [1593, 1596], [1624, 1625], [1624, 1639], [1625, 1624], [1625, 1626], [1627, 1624], [1627, 1628]]}, "analyze_packet_timing_issues": {"executed_lines": [], "summary": {"covered_lines": 0, "num_statements": 25, "percent_covered": 0.0, "percent_covered_display": "0", "missing_lines": 25, "excluded_lines": 0, "num_branches": 16, "num_partial_branches": 0, "covered_branches": 0, "missing_branches": 16}, "missing_lines": [1660, 1661, 1663, 1664, 1666, 1668, 1670, 1691, 1711, 1712, 1714, 1715, 1716, 1717, 1718, 1719, 1729, 1730, 1731, 1732, 1733, 1734, 1744, 1753, 1754], "excluded_lines": [], "executed_branches": [], "missing_branches": [[1660, 1661], [1660, 1663], [1663, 1664], [1663, 1666], [1715, 1716], [1715, 1729], [1716, 1715], [1716, 1717], [1718, 1715], [1718, 1719], [1730, 1731], [1730, 1744], [1731, 1730], [1731, 1732], [1733, 1730], [1733, 1734]]}, "analyze_bandwidth_utilization": {"executed_lines": [], "summary": {"covered_lines": 0, "num_statements": 11, "percent_covered": 0.0, "percent_covered_display": "0", "missing_lines": 11, "excluded_lines": 0, "num_branches": 4, "num_partial_branches": 0, "covered_branches": 0, "missing_branches": 4}, "missing_lines": [1768, 1769, 1771, 1772, 1774, 1776, 1777, 1785, 1787, 1794, 1795], "excluded_lines": [], "executed_branches": [], "missing_branches": [[1768, 1769], [1768, 1771], [1771, 1772], [1771, 1774]]}, "analyze_congestion_indicators": {"executed_lines": [], "summary": {"covered_lines": 0, "num_statements": 25, "percent_covered": 0.0, "percent_covered_display": "0", "missing_lines": 25, "excluded_lines": 0, "num_branches": 16, "num_partial_branches": 0, "covered_branches": 0, "missing_branches": 16}, "missing_lines": [1808, 1809, 1811, 1812, 1814, 1816, 1818, 1839, 1859, 1860, 1862, 1863, 1864, 1865, 1866, 1867, 1877, 1878, 1879, 1880, 1881, 1882, 1892, 1901, 1902], "excluded_lines": [], "executed_branches": [], "missing_branches": [[1808, 1809], [1808, 1811], [1811, 1812], [1811, 1814], [1863, 1864], [1863, 1877], [1864, 1863], [1864, 1865], [1866, 1863], [1866, 1867], [1878, 1879], [1878, 1892], [1879, 1878], [1879, 1880], [1881, 1878], [1881, 1882]]}, "analyze_application_response_times": {"executed_lines": [], "summary": {"covered_lines": 0, "num_statements": 15, "percent_covered": 0.0, "percent_covered_display": "0", "missing_lines": 15, "excluded_lines": 0, "num_branches": 8, "num_partial_branches": 0, "covered_branches": 0, "missing_branches": 8}, "missing_lines": [1916, 1917, 1919, 1920, 1922, 1924, 1925, 1926, 1927, 1928, 1931, 1933, 1935, 1942, 1943], "excluded_lines": [], "executed_branches": [], "missing_branches": [[1916, 1917], [1916, 1919], [1919, 1920], [1919, 1922], [1925, 1926], [1925, 1927], [1927, 1928], [1927, 1931]]}, "analyze_network_quality_metrics": {"executed_lines": [], "summary": {"covered_lines": 0, "num_statements": 27, "percent_covered": 0.0, "percent_covered_display": "0", "missing_lines": 27, "excluded_lines": 0, "num_branches": 16, "num_partial_branches": 0, "covered_branches": 0, "missing_branches": 16}, "missing_lines": [1956, 1957, 1959, 1960, 1962, 1964, 1966, 1967, 1970, 1985, 1988, 2003, 2005, 2006, 2007, 2008, 2009, 2010, 2014, 2015, 2016, 2017, 2018, 2019, 2023, 2033, 2034], "excluded_lines": [], "executed_branches": [], "missing_branches": [[1956, 1957], [1956, 1959], [1959, 1960], [1959, 1962], [2006, 2007], [2006, 2014], [2007, 2006], [2007, 2008], [2009, 2006], [2009, 2010], [2015, 2016], [2015, 2023], [2016, 2015], [2016, 2017], [2018, 2015], [2018, 2019]]}, "analyze_protocol_anomalies": {"executed_lines": [], "summary": {"covered_lines": 0, "num_statements": 17, "percent_covered": 0.0, "percent_covered_display": "0", "missing_lines": 17, "excluded_lines": 0, "num_branches": 10, "num_partial_branches": 0, "covered_branches": 0, "missing_branches": 10}, "missing_lines": [2047, 2048, 2050, 2051, 2053, 2055, 2057, 2075, 2077, 2078, 2079, 2080, 2081, 2082, 2091, 2098, 2099], "excluded_lines": [], "executed_branches": [], "missing_branches": [[2047, 2048], [2047, 2050], [2050, 2051], [2050, 2053], [2078, 2079], [2078, 2091], [2079, 2078], [2079, 2080], [2081, 2078], [2081, 2082]]}, "analyze_network_topology": {"executed_lines": [], "summary": {"covered_lines": 0, "num_statements": 19, "percent_covered": 0.0, "percent_covered_display": "0", "missing_lines": 19, "excluded_lines": 0, "num_branches": 10, "num_partial_branches": 0, "covered_branches": 0, "missing_branches": 10}, "missing_lines": [2112, 2113, 2115, 2116, 2118, 2120, 2122, 2123, 2126, 2145, 2147, 2148, 2149, 2150, 2151, 2152, 2162, 2170, 2171], "excluded_lines": [], "executed_branches": [], "missing_branches": [[2112, 2113], [2112, 2115], [2115, 2116], [2115, 2118], [2148, 2149], [2148, 2162], [2149, 2148], [2149, 2150], [2151, 2148], [2151, 2152]]}, "analyze_security_threats": {"executed_lines": [], "summary": {"covered_lines": 0, "num_statements": 17, "percent_covered": 0.0, "percent_covered_display": "0", "missing_lines": 17, "excluded_lines": 0, "num_branches": 8, "num_partial_branches": 0, "covered_branches": 0, "missing_branches": 8}, "missing_lines": [2184, 2185, 2187, 2188, 2190, 2192, 2193, 2196, 2215, 2216, 2227, 2228, 2232, 2233, 2246, 2253, 2254], "excluded_lines": [], "executed_branches": [], "missing_branches": [[2184, 2185], [2184, 2187], [2187, 2188], [2187, 2190], [2215, 2216], [2215, 2246], [2232, 2215], [2232, 2233]]}, "_analyze_summary": {"executed_lines": [], "summary": {"covered_lines": 0, "num_statements": 13, "percent_covered": 0.0, "percent_covered_display": "0", "missing_lines": 13, "excluded_lines": 0, "num_branches": 6, "num_partial_branches": 0, "covered_branches": 0, "missing_branches": 6}, "missing_lines": [2262, 2263, 2265, 2266, 2267, 2269, 2272, 2273, 2274, 2276, 2277, 2281, 2283], "excluded_lines": [], "executed_branches": [], "missing_branches": [[2262, 2263], [2262, 2265], [2266, 2267], [2266, 2269], [2273, 2274], [2273, 2276]]}, "_analyze_protocols": {"executed_lines": [], "summary": {"covered_lines": 0, "num_statements": 7, "percent_covered": 0.0, "percent_covered_display": "0", "missing_lines": 7, "excluded_lines": 0, "num_branches": 4, "num_partial_branches": 0, "covered_branches": 0, "missing_branches": 4}, "missing_lines": [2299, 2300, 2302, 2303, 2304, 2306, 2308], "excluded_lines": [], "executed_branches": [], "missing_branches": [[2299, 2300], [2299, 2302], [2303, 2304], [2303, 2306]]}, "_analyze_conversations": {"executed_lines": [], "summary": {"covered_lines": 0, "num_statements": 11, "percent_covered": 0.0, "percent_covered_display": "0", "missing_lines": 11, "excluded_lines": 0, "num_branches": 6, "num_partial_branches": 0, "covered_branches": 0, "missing_branches": 6}, "missing_lines": [2321, 2322, 2325, 2326, 2327, 2329, 2332, 2333, 2334, 2336, 2338], "excluded_lines": [], "executed_branches": [], "missing_branches": [[2321, 2322], [2321, 2325], [2326, 2327], [2326, 2329], [2333, 2334], [2333, 2336]]}, "_analyze_security": {"executed_lines": [], "summary": {"covered_lines": 0, "num_statements": 14, "percent_covered": 0.0, "percent_covered_display": "0", "missing_lines": 14, "excluded_lines": 0, "num_branches": 8, "num_partial_branches": 0, "covered_branches": 0, "missing_branches": 8}, "missing_lines": [2352, 2353, 2355, 2358, 2366, 2367, 2378, 2379, 2380, 2382, 2383, 2387, 2388, 2392], "excluded_lines": [], "executed_branches": [], "missing_branches": [[2352, 2353], [2352, 2355], [2366, 2367], [2366, 2392], [2378, 2379], [2378, 2382], [2387, 2366], [2387, 2388]]}, "get_server_config": {"executed_lines": [], "summary": {"covered_lines": 0, "num_statements": 2, "percent_covered": 0.0, "percent_covered_display": "0", "missing_lines": 2, "excluded_lines": 0, "num_branches": 0, "num_partial_branches": 0, "covered_branches": 0, "missing_branches": 0}, "missing_lines": [2404, 2413], "excluded_lines": [], "executed_branches": [], "missing_branches": []}, "main": {"executed_lines": [], "summary": {"covered_lines": 0, "num_statements": 5, "percent_covered": 0.0, "percent_covered_display": "0", "missing_lines": 5, "excluded_lines": 0, "num_branches": 2, "num_partial_branches": 0, "covered_branches": 0, "missing_branches": 2}, "missing_lines": [2419, 2420, 2421, 2422, 2425], "excluded_lines": [], "executed_branches": [], "missing_branches": [[2419, 2420], [2419, 2425]]}, "": {"executed_lines": [2, 7, 8, 9, 10, 11, 12, 13, 15, 18, 19, 21, 25, 26, 29, 30, 33, 37, 65, 86, 87, 107, 108, 111, 118, 119, 122, 123, 124, 130, 131, 134, 138, 146, 157, 191, 206, 227, 252, 261, 278, 279, 301, 302, 378, 379, 413, 414, 453, 454, 518, 519, 546, 547, 620, 621, 655, 656, 687, 688, 720, 721, 786, 787, 879, 880, 945, 946, 1010, 1011, 1121, 1122, 1185, 1186, 1255, 1256, 1325, 1326, 1395, 1396, 1436, 1437, 1473, 1474, 1580, 1581, 1650, 1651, 1757, 1758, 1798, 1799, 1905, 1906, 1946, 1947, 2037, 2038, 2102, 2103, 2174, 2175, 2257, 2294, 2316, 2347, 2401, 2402, 2416, 2428], "summary": {"covered_lines": 108, "num_statements": 127, "percent_covered": 82.70676691729324, "percent_covered_display": "83", "missing_lines": 19, "excluded_lines": 2, "num_branches": 6, "num_partial_branches": 2, "covered_branches": 2, "missing_branches": 4}, "missing_lines": [22, 23, 28, 90, 91, 93, 98, 99, 100, 101, 102, 103, 105, 114, 115, 120, 125, 126, 127], "excluded_lines": [2428, 2429], "executed_branches": [[119, 122], [124, 130]], "missing_branches": [[93, 98], [93, 105], [119, 120], [124, 125]]}}, "classes": {"": {"executed_lines": [2, 7, 8, 9, 10, 11, 12, 13, 15, 18, 19, 21, 25, 26, 29, 30, 33, 37, 39, 43, 46, 49, 53, 54, 55, 59, 62, 65, 67, 68, 71, 74, 75, 76, 80, 82, 86, 87, 107, 108, 111, 118, 119, 122, 123, 124, 130, 131, 134, 138, 140, 141, 143, 146, 148, 149, 151, 152, 154, 157, 159, 160, 163, 182, 183, 184, 185, 188, 191, 193, 194, 197, 198, 199, 200, 203, 206, 208, 209, 212, 213, 216, 218, 219, 220, 223, 224, 227, 252, 254, 255, 256, 257, 258, 261, 263, 264, 265, 266, 267, 268, 269, 270, 273, 274, 275, 278, 279, 301, 302, 378, 379, 413, 414, 453, 454, 518, 519, 546, 547, 620, 621, 655, 656, 687, 688, 720, 721, 786, 787, 879, 880, 945, 946, 1010, 1011, 1121, 1122, 1185, 1186, 1255, 1256, 1325, 1326, 1395, 1396, 1436, 1437, 1473, 1474, 1580, 1581, 1650, 1651, 1757, 1758, 1798, 1799, 1905, 1906, 1946, 1947, 2037, 2038, 2102, 2103, 2174, 2175, 2257, 2294, 2316, 2347, 2401, 2402, 2416, 2428], "summary": {"covered_lines": 174, "num_statements": 802, "percent_covered": 18.166383701188455, "percent_covered_display": "18", "missing_lines": 628, "excluded_lines": 2, "num_branches": 376, "num_partial_branches": 12, "covered_branches": 40, "missing_branches": 336}, "missing_lines": [22, 23, 28, 40, 47, 50, 56, 60, 77, 90, 91, 93, 98, 99, 100, 101, 102, 103, 105, 114, 115, 120, 125, 126, 127, 222, 229, 230, 233, 234, 237, 240, 247, 249, 281, 283, 284, 289, 290, 291, 292, 295, 296, 298, 318, 319, 321, 322, 324, 325, 328, 329, 330, 331, 332, 334, 336, 338, 340, 349, 350, 353, 356, 365, 374, 375, 381, 382, 384, 385, 387, 389, 391, 392, 395, 398, 399, 401, 409, 410, 429, 430, 432, 433, 435, 437, 438, 439, 440, 441, 442, 443, 444, 445, 447, 449, 450, 458, 459, 461, 462, 464, 466, 467, 489, 491, 492, 493, 494, 495, 496, 507, 514, 515, 523, 524, 526, 527, 529, 531, 532, 533, 535, 542, 543, 555, 556, 558, 559, 561, 562, 564, 566, 568, 569, 571, 573, 591, 593, 594, 595, 596, 597, 598, 607, 616, 617, 623, 625, 626, 627, 628, 629, 630, 631, 633, 643, 645, 651, 652, 658, 660, 661, 662, 663, 664, 666, 678, 683, 684, 692, 693, 695, 696, 698, 700, 702, 703, 706, 707, 709, 716, 717, 728, 729, 731, 732, 734, 736, 738, 758, 760, 761, 762, 763, 764, 765, 775, 782, 783, 794, 795, 797, 798, 800, 802, 804, 822, 825, 841, 843, 844, 845, 846, 847, 848, 857, 858, 859, 860, 861, 862, 866, 875, 876, 889, 890, 892, 893, 895, 897, 898, 918, 920, 921, 922, 923, 924, 925, 934, 941, 942, 953, 954, 956, 957, 959, 961, 962, 982, 984, 985, 986, 987, 988, 989, 999, 1006, 1007, 1020, 1021, 1023, 1024, 1026, 1028, 1030, 1051, 1073, 1074, 1076, 1077, 1078, 1079, 1080, 1081, 1092, 1093, 1094, 1095, 1096, 1097, 1108, 1117, 1118, 1131, 1132, 1134, 1135, 1137, 1139, 1140, 1158, 1160, 1161, 1162, 1163, 1164, 1165, 1174, 1181, 1182, 1195, 1196, 1198, 1199, 1201, 1203, 1204, 1226, 1228, 1229, 1230, 1231, 1232, 1233, 1244, 1251, 1252, 1265, 1266, 1268, 1269, 1271, 1273, 1275, 1276, 1279, 1297, 1299, 1300, 1301, 1302, 1303, 1304, 1313, 1321, 1322, 1335, 1336, 1338, 1339, 1341, 1343, 1344, 1366, 1368, 1369, 1370, 1371, 1372, 1373, 1384, 1391, 1392, 1406, 1407, 1409, 1410, 1412, 1414, 1415, 1423, 1425, 1432, 1433, 1447, 1448, 1450, 1451, 1453, 1455, 1456, 1457, 1458, 1460, 1462, 1469, 1470, 1483, 1484, 1486, 1487, 1489, 1491, 1493, 1514, 1534, 1535, 1537, 1538, 1539, 1540, 1541, 1542, 1552, 1553, 1554, 1555, 1556, 1557, 1567, 1576, 1577, 1590, 1591, 1593, 1594, 1596, 1598, 1599, 1621, 1623, 1624, 1625, 1626, 1627, 1628, 1639, 1646, 1647, 1660, 1661, 1663, 1664, 1666, 1668, 1670, 1691, 1711, 1712, 1714, 1715, 1716, 1717, 1718, 1719, 1729, 1730, 1731, 1732, 1733, 1734, 1744, 1753, 1754, 1768, 1769, 1771, 1772, 1774, 1776, 1777, 1785, 1787, 1794, 1795, 1808, 1809, 1811, 1812, 1814, 1816, 1818, 1839, 1859, 1860, 1862, 1863, 1864, 1865, 1866, 1867, 1877, 1878, 1879, 1880, 1881, 1882, 1892, 1901, 1902, 1916, 1917, 1919, 1920, 1922, 1924, 1925, 1926, 1927, 1928, 1931, 1933, 1935, 1942, 1943, 1956, 1957, 1959, 1960, 1962, 1964, 1966, 1967, 1970, 1985, 1988, 2003, 2005, 2006, 2007, 2008, 2009, 2010, 2014, 2015, 2016, 2017, 2018, 2019, 2023, 2033, 2034, 2047, 2048, 2050, 2051, 2053, 2055, 2057, 2075, 2077, 2078, 2079, 2080, 2081, 2082, 2091, 2098, 2099, 2112, 2113, 2115, 2116, 2118, 2120, 2122, 2123, 2126, 2145, 2147, 2148, 2149, 2150, 2151, 2152, 2162, 2170, 2171, 2184, 2185, 2187, 2188, 2190, 2192, 2193, 2196, 2215, 2216, 2227, 2228, 2232, 2233, 2246, 2253, 2254, 2262, 2263, 2265, 2266, 2267, 2269, 2272, 2273, 2274, 2276, 2277, 2281, 2283, 2299, 2300, 2302, 2303, 2304, 2306, 2308, 2321, 2322, 2325, 2326, 2327, 2329, 2332, 2333, 2334, 2336, 2338, 2352, 2353, 2355, 2358, 2366, 2367, 2378, 2379, 2380, 2382, 2383, 2387, 2388, 2392, 2404, 2413, 2419, 2420, 2421, 2422, 2425], "excluded_lines": [2428, 2429], "executed_branches": [[39, 43], [46, 49], [49, 53], [54, 55], [54, 59], [55, 54], [59, 62], [67, 68], [67, 71], [75, 76], [75, 80], [76, 75], [119, 122], [124, 130], [140, 141], [140, 143], [148, 149], [148, 151], [151, 152], [151, 154], [159, 160], [159, 163], [183, 184], [183, 188], [184, 183], [184, 185], [193, 194], [193, 197], [198, 199], [198, 203], [199, 198], [199, 200], [208, 209], [208, 212], [216, 218], [219, 220], [266, 267], [266, 273], [267, 268], [269, 270]], "missing_branches": [[39, 40], [46, 47], [49, 50], [55, 56], [59, 60], [76, 77], [93, 98], [93, 105], [119, 120], [124, 125], [216, 222], [219, 222], [229, 230], [229, 233], [233, 234], [233, 237], [267, 266], [269, 266], [283, 284], [283, 289], [318, 319], [318, 321], [321, 322], [321, 324], [324, 325], [324, 328], [329, 330], [329, 334], [330, 331], [330, 332], [349, 350], [349, 353], [381, 382], [381, 384], [429, 430], [429, 432], [432, 433], [432, 435], [438, 439], [438, 440], [440, 441], [440, 442], [442, 443], [442, 444], [444, 445], [444, 447], [458, 459], [458, 461], [461, 462], [461, 464], [492, 493], [492, 507], [493, 492], [493, 494], [495, 492], [495, 496], [523, 524], [523, 526], [526, 527], [526, 529], [555, 556], [555, 558], [558, 559], [558, 561], [561, 562], [561, 564], [569, 571], [569, 573], [594, 595], [594, 607], [595, 594], [595, 596], [597, 594], [597, 598], [627, 628], [627, 643], [628, 627], [628, 629], [662, 663], [662, 678], [692, 693], [692, 695], [695, 696], [695, 698], [728, 729], [728, 731], [731, 732], [731, 734], [761, 762], [761, 775], [762, 761], [762, 763], [764, 761], [764, 765], [794, 795], [794, 797], [797, 798], [797, 800], [844, 845], [844, 857], [845, 844], [845, 846], [847, 844], [847, 848], [858, 859], [858, 866], [859, 858], [859, 860], [861, 858], [861, 862], [889, 890], [889, 892], [892, 893], [892, 895], [921, 922], [921, 934], [922, 921], [922, 923], [924, 921], [924, 925], [953, 954], [953, 956], [956, 957], [956, 959], [985, 986], [985, 999], [986, 985], [986, 987], [988, 985], [988, 989], [1020, 1021], [1020, 1023], [1023, 1024], [1023, 1026], [1077, 1078], [1077, 1092], [1078, 1077], [1078, 1079], [1080, 1077], [1080, 1081], [1093, 1094], [1093, 1108], [1094, 1093], [1094, 1095], [1096, 1093], [1096, 1097], [1131, 1132], [1131, 1134], [1134, 1135], [1134, 1137], [1161, 1162], [1161, 1174], [1162, 1161], [1162, 1163], [1164, 1161], [1164, 1165], [1195, 1196], [1195, 1198], [1198, 1199], [1198, 1201], [1229, 1230], [1229, 1244], [1230, 1229], [1230, 1231], [1232, 1229], [1232, 1233], [1265, 1266], [1265, 1268], [1268, 1269], [1268, 1271], [1300, 1301], [1300, 1313], [1301, 1300], [1301, 1302], [1303, 1300], [1303, 1304], [1335, 1336], [1335, 1338], [1338, 1339], [1338, 1341], [1369, 1370], [1369, 1384], [1370, 1369], [1370, 1371], [1372, 1369], [1372, 1373], [1406, 1407], [1406, 1409], [1409, 1410], [1409, 1412], [1447, 1448], [1447, 1450], [1450, 1451], [1450, 1453], [1457, 1458], [1457, 1460], [1483, 1484], [1483, 1486], [1486, 1487], [1486, 1489], [1538, 1539], [1538, 1552], [1539, 1538], [1539, 1540], [1541, 1538], [1541, 1542], [1553, 1554], [1553, 1567], [1554, 1553], [1554, 1555], [1556, 1553], [1556, 1557], [1590, 1591], [1590, 1593], [1593, 1594], [1593, 1596], [1624, 1625], [1624, 1639], [1625, 1624], [1625, 1626], [1627, 1624], [1627, 1628], [1660, 1661], [1660, 1663], [1663, 1664], [1663, 1666], [1715, 1716], [1715, 1729], [1716, 1715], [1716, 1717], [1718, 1715], [1718, 1719], [1730, 1731], [1730, 1744], [1731, 1730], [1731, 1732], [1733, 1730], [1733, 1734], [1768, 1769], [1768, 1771], [1771, 1772], [1771, 1774], [1808, 1809], [1808, 1811], [1811, 1812], [1811, 1814], [1863, 1864], [1863, 1877], [1864, 1863], [1864, 1865], [1866, 1863], [1866, 1867], [1878, 1879], [1878, 1892], [1879, 1878], [1879, 1880], [1881, 1878], [1881, 1882], [1916, 1917], [1916, 1919], [1919, 1920], [1919, 1922], [1925, 1926], [1925, 1927], [1927, 1928], [1927, 1931], [1956, 1957], [1956, 1959], [1959, 1960], [1959, 1962], [2006, 2007], [2006, 2014], [2007, 2006], [2007, 2008], [2009, 2006], [2009, 2010], [2015, 2016], [2015, 2023], [2016, 2015], [2016, 2017], [2018, 2015], [2018, 2019], [2047, 2048], [2047, 2050], [2050, 2051], [2050, 2053], [2078, 2079], [2078, 2091], [2079, 2078], [2079, 2080], [2081, 2078], [2081, 2082], [2112, 2113], [2112, 2115], [2115, 2116], [2115, 2118], [2148, 2149], [2148, 2162], [2149, 2148], [2149, 2150], [2151, 2148], [2151, 2152], [2184, 2185], [2184, 2187], [2187, 2188], [2187, 2190], [2215, 2216], [2215, 2246], [2232, 2215], [2232, 2233], [2262, 2263], [2262, 2265], [2266, 2267], [2266, 2269], [2273, 2274], [2273, 2276], [2299, 2300], [2299, 2302], [2303, 2304], [2303, 2306], [2321, 2322], [2321, 2325], [2326, 2327], [2326, 2329], [2333, 2334], [2333, 2336], [2352, 2353], [2352, 2355], [2366, 2367], [2366, 2392], [2378, 2379], [2378, 2382], [2387, 2366], [2387, 2388], [2419, 2420], [2419, 2425]]}}}}, "totals": {"covered_lines": 174, "num_statements": 802, "percent_covered": 18.166383701188455, "percent_covered_display": "18", "missing_lines": 628, "excluded_lines": 2, "num_branches": 376, "num_partial_branches": 12, "covered_branches": 40, "missing_branches": 336}}