<?xml version="1.0" ?>
<coverage version="7.13.0" timestamp="1765425391797" lines-valid="443" lines-covered="294" line-rate="0.6637" branches-valid="106" branches-covered="27" branch-rate="0.2547" complexity="0">
	<!-- Generated by coverage.py: https://coverage.readthedocs.io/en/7.13.0 -->
	<!-- Based on https://raw.githubusercontent.com/cobertura/web/master/htdocs/xml/coverage-04.dtd -->
	<sources>
		<source>/Users/manvamsi/Documents/Cline/vkmanthapuram-mcp-fork/src/pcap-analyzer-mcp-server/awslabs</source>
	</sources>
	<packages>
		<package name="." line-rate="1" branch-rate="1" complexity="0">
			<classes>
				<class name="__init__.py" filename="__init__.py" complexity="0" line-rate="1" branch-rate="1">
					<methods/>
					<lines>
						<line number="17" hits="1"/>
					</lines>
				</class>
			</classes>
		</package>
		<package name="pcap_analyzer_mcp_server" line-rate="0.6629" branch-rate="0.2547" complexity="0">
			<classes>
				<class name="__init__.py" filename="pcap_analyzer_mcp_server/__init__.py" complexity="0" line-rate="1" branch-rate="1">
					<methods/>
					<lines>
						<line number="17" hits="1"/>
					</lines>
				</class>
				<class name="server.py" filename="pcap_analyzer_mcp_server/server.py" complexity="0" line-rate="0.6621" branch-rate="0.2547">
					<methods/>
					<lines>
						<line number="17" hits="1"/>
						<line number="18" hits="1"/>
						<line number="19" hits="1"/>
						<line number="20" hits="1"/>
						<line number="21" hits="1"/>
						<line number="22" hits="1"/>
						<line number="23" hits="1"/>
						<line number="24" hits="1"/>
						<line number="25" hits="1"/>
						<line number="26" hits="1"/>
						<line number="27" hits="1"/>
						<line number="28" hits="1"/>
						<line number="32" hits="1"/>
						<line number="33" hits="1"/>
						<line number="37" hits="1"/>
						<line number="38" hits="1"/>
						<line number="41" hits="1"/>
						<line number="42" hits="1"/>
						<line number="43" hits="1"/>
						<line number="46" hits="1"/>
						<line number="49" hits="1"/>
						<line number="52" hits="1"/>
						<line number="55" hits="1"/>
						<line number="57" hits="1"/>
						<line number="58" hits="1"/>
						<line number="60" hits="1"/>
						<line number="64" hits="1"/>
						<line number="65" hits="1"/>
						<line number="67" hits="0"/>
						<line number="559" hits="1"/>
						<line number="560" hits="1"/>
						<line number="562" hits="0"/>
						<line number="563" hits="0" branch="true" condition-coverage="0% (0/2)" missing-branches="564,565"/>
						<line number="564" hits="0"/>
						<line number="565" hits="0" branch="true" condition-coverage="0% (0/2)" missing-branches="566,567"/>
						<line number="566" hits="0"/>
						<line number="567" hits="0" branch="true" condition-coverage="0% (0/2)" missing-branches="568,569"/>
						<line number="568" hits="0"/>
						<line number="569" hits="0" branch="true" condition-coverage="0% (0/2)" missing-branches="570,571"/>
						<line number="570" hits="0"/>
						<line number="571" hits="0" branch="true" condition-coverage="0% (0/2)" missing-branches="572,573"/>
						<line number="572" hits="0"/>
						<line number="573" hits="0" branch="true" condition-coverage="0% (0/2)" missing-branches="574,575"/>
						<line number="574" hits="0"/>
						<line number="575" hits="0" branch="true" condition-coverage="0% (0/2)" missing-branches="576,577"/>
						<line number="576" hits="0"/>
						<line number="577" hits="0" branch="true" condition-coverage="0% (0/2)" missing-branches="578,579"/>
						<line number="578" hits="0"/>
						<line number="579" hits="0" branch="true" condition-coverage="0% (0/2)" missing-branches="580,581"/>
						<line number="580" hits="0"/>
						<line number="581" hits="0" branch="true" condition-coverage="0% (0/2)" missing-branches="582,583"/>
						<line number="582" hits="0"/>
						<line number="583" hits="0" branch="true" condition-coverage="0% (0/2)" missing-branches="584,585"/>
						<line number="584" hits="0"/>
						<line number="585" hits="0" branch="true" condition-coverage="0% (0/2)" missing-branches="586,587"/>
						<line number="586" hits="0"/>
						<line number="587" hits="0" branch="true" condition-coverage="0% (0/2)" missing-branches="588,589"/>
						<line number="588" hits="0"/>
						<line number="589" hits="0" branch="true" condition-coverage="0% (0/2)" missing-branches="590,591"/>
						<line number="590" hits="0"/>
						<line number="591" hits="0" branch="true" condition-coverage="0% (0/2)" missing-branches="592,593"/>
						<line number="592" hits="0"/>
						<line number="593" hits="0" branch="true" condition-coverage="0% (0/2)" missing-branches="594,595"/>
						<line number="594" hits="0"/>
						<line number="595" hits="0" branch="true" condition-coverage="0% (0/2)" missing-branches="596,597"/>
						<line number="596" hits="0"/>
						<line number="597" hits="0" branch="true" condition-coverage="0% (0/2)" missing-branches="598,599"/>
						<line number="598" hits="0"/>
						<line number="599" hits="0" branch="true" condition-coverage="0% (0/2)" missing-branches="600,601"/>
						<line number="600" hits="0"/>
						<line number="601" hits="0" branch="true" condition-coverage="0% (0/2)" missing-branches="602,603"/>
						<line number="602" hits="0"/>
						<line number="603" hits="0" branch="true" condition-coverage="0% (0/2)" missing-branches="604,605"/>
						<line number="604" hits="0"/>
						<line number="605" hits="0" branch="true" condition-coverage="0% (0/2)" missing-branches="606,607"/>
						<line number="606" hits="0"/>
						<line number="607" hits="0" branch="true" condition-coverage="0% (0/2)" missing-branches="608,609"/>
						<line number="608" hits="0"/>
						<line number="609" hits="0" branch="true" condition-coverage="0% (0/2)" missing-branches="610,611"/>
						<line number="610" hits="0"/>
						<line number="611" hits="0" branch="true" condition-coverage="0% (0/2)" missing-branches="612,613"/>
						<line number="612" hits="0"/>
						<line number="613" hits="0" branch="true" condition-coverage="0% (0/2)" missing-branches="614,615"/>
						<line number="614" hits="0"/>
						<line number="615" hits="0" branch="true" condition-coverage="0% (0/2)" missing-branches="616,617"/>
						<line number="616" hits="0"/>
						<line number="617" hits="0" branch="true" condition-coverage="0% (0/2)" missing-branches="618,619"/>
						<line number="618" hits="0"/>
						<line number="619" hits="0" branch="true" condition-coverage="0% (0/2)" missing-branches="620,621"/>
						<line number="620" hits="0"/>
						<line number="621" hits="0" branch="true" condition-coverage="0% (0/2)" missing-branches="622,623"/>
						<line number="622" hits="0"/>
						<line number="623" hits="0" branch="true" condition-coverage="0% (0/2)" missing-branches="624,626"/>
						<line number="624" hits="0"/>
						<line number="626" hits="0"/>
						<line number="627" hits="0"/>
						<line number="628" hits="0"/>
						<line number="629" hits="0"/>
						<line number="631" hits="1"/>
						<line number="633" hits="1"/>
						<line number="634" hits="1"/>
						<line number="635" hits="1"/>
						<line number="638" hits="1"/>
						<line number="640" hits="1" branch="true" condition-coverage="100% (2/2)"/>
						<line number="641" hits="1"/>
						<line number="643" hits="1"/>
						<line number="644" hits="1"/>
						<line number="645" hits="1"/>
						<line number="647" hits="1"/>
						<line number="649" hits="1" branch="true" condition-coverage="100% (2/2)"/>
						<line number="650" hits="1"/>
						<line number="653" hits="1"/>
						<line number="654" hits="1" branch="true" condition-coverage="100% (2/2)"/>
						<line number="655" hits="1"/>
						<line number="658" hits="1" branch="true" condition-coverage="50% (1/2)" missing-branches="659"/>
						<line number="659" hits="0"/>
						<line number="661" hits="1"/>
						<line number="666" hits="1"/>
						<line number="668" hits="1"/>
						<line number="669" hits="1"/>
						<line number="670" hits="1" branch="true" condition-coverage="100% (2/2)"/>
						<line number="671" hits="1"/>
						<line number="672" hits="1" branch="true" condition-coverage="50% (1/2)" missing-branches="670"/>
						<line number="673" hits="1"/>
						<line number="682" hits="1"/>
						<line number="684" hits="1"/>
						<line number="685" hits="1"/>
						<line number="686" hits="1"/>
						<line number="688" hits="1"/>
						<line number="696" hits="1"/>
						<line number="698" hits="1"/>
						<line number="699" hits="1" branch="true" condition-coverage="50% (1/2)" missing-branches="702"/>
						<line number="700" hits="1"/>
						<line number="702" hits="1"/>
						<line number="705" hits="1"/>
						<line number="706" hits="1" branch="true" condition-coverage="50% (1/2)" missing-branches="707"/>
						<line number="707" hits="0"/>
						<line number="710" hits="1"/>
						<line number="715" hits="1"/>
						<line number="725" hits="1"/>
						<line number="727" hits="1"/>
						<line number="736" hits="1"/>
						<line number="737" hits="0"/>
						<line number="738" hits="0"/>
						<line number="740" hits="1"/>
						<line number="742" hits="1"/>
						<line number="743" hits="0" branch="true" condition-coverage="0% (0/2)" missing-branches="exit,744"/>
						<line number="744" hits="0"/>
						<line number="746" hits="1"/>
						<line number="748" hits="1"/>
						<line number="749" hits="1" branch="true" condition-coverage="50% (1/2)" missing-branches="752"/>
						<line number="750" hits="1"/>
						<line number="752" hits="0"/>
						<line number="753" hits="0"/>
						<line number="756" hits="0"/>
						<line number="757" hits="0"/>
						<line number="760" hits="0"/>
						<line number="762" hits="0"/>
						<line number="768" hits="0"/>
						<line number="769" hits="0"/>
						<line number="770" hits="0"/>
						<line number="772" hits="1"/>
						<line number="776" hits="1"/>
						<line number="777" hits="1"/>
						<line number="780" hits="1" branch="true" condition-coverage="50% (1/2)" missing-branches="782"/>
						<line number="781" hits="1"/>
						<line number="782" hits="0" branch="true" condition-coverage="0% (0/2)" missing-branches="783,784"/>
						<line number="783" hits="0"/>
						<line number="784" hits="0" branch="true" condition-coverage="0% (0/2)" missing-branches="785,787"/>
						<line number="785" hits="0"/>
						<line number="787" hits="0"/>
						<line number="789" hits="1" branch="true" condition-coverage="50% (1/2)" missing-branches="790"/>
						<line number="790" hits="0"/>
						<line number="792" hits="1"/>
						<line number="794" hits="1"/>
						<line number="801" hits="1"/>
						<line number="802" hits="1"/>
						<line number="803" hits="1"/>
						<line number="805" hits="1"/>
						<line number="807" hits="1"/>
						<line number="808" hits="1"/>
						<line number="810" hits="1" branch="true" condition-coverage="100% (2/2)"/>
						<line number="811" hits="1"/>
						<line number="822" hits="1"/>
						<line number="823" hits="0"/>
						<line number="824" hits="0"/>
						<line number="826" hits="1"/>
						<line number="828" hits="1"/>
						<line number="829" hits="1"/>
						<line number="830" hits="1"/>
						<line number="832" hits="1" branch="true" condition-coverage="50% (1/2)" missing-branches="844"/>
						<line number="833" hits="1" branch="true" condition-coverage="50% (1/2)" missing-branches="834"/>
						<line number="834" hits="0"/>
						<line number="835" hits="0"/>
						<line number="844" hits="1"/>
						<line number="850" hits="1"/>
						<line number="851" hits="0"/>
						<line number="852" hits="0"/>
						<line number="854" hits="1"/>
						<line number="856" hits="1"/>
						<line number="857" hits="1"/>
						<line number="859" hits="1"/>
						<line number="882" hits="1"/>
						<line number="884" hits="1"/>
						<line number="890" hits="1"/>
						<line number="891" hits="0"/>
						<line number="892" hits="0"/>
						<line number="894" hits="1"/>
						<line number="898" hits="1"/>
						<line number="899" hits="1"/>
						<line number="901" hits="1"/>
						<line number="903" hits="1"/>
						<line number="905" hits="1"/>
						<line number="911" hits="1"/>
						<line number="912" hits="0"/>
						<line number="913" hits="0"/>
						<line number="915" hits="1"/>
						<line number="919" hits="1"/>
						<line number="920" hits="1"/>
						<line number="923" hits="1" branch="true" condition-coverage="100% (2/2)"/>
						<line number="924" hits="1"/>
						<line number="926" hits="1"/>
						<line number="928" hits="1"/>
						<line number="930" hits="1"/>
						<line number="932" hits="1"/>
						<line number="940" hits="1"/>
						<line number="941" hits="0"/>
						<line number="942" hits="0"/>
						<line number="944" hits="1"/>
						<line number="946" hits="1"/>
						<line number="947" hits="1"/>
						<line number="949" hits="1"/>
						<line number="951" hits="1"/>
						<line number="953" hits="1"/>
						<line number="959" hits="1"/>
						<line number="960" hits="0"/>
						<line number="961" hits="0"/>
						<line number="965" hits="1"/>
						<line number="967" hits="1"/>
						<line number="968" hits="1"/>
						<line number="970" hits="1"/>
						<line number="972" hits="1"/>
						<line number="974" hits="1"/>
						<line number="980" hits="1"/>
						<line number="981" hits="0"/>
						<line number="982" hits="0"/>
						<line number="985" hits="1"/>
						<line number="987" hits="1"/>
						<line number="988" hits="1"/>
						<line number="990" hits="1"/>
						<line number="1009" hits="1"/>
						<line number="1011" hits="1"/>
						<line number="1017" hits="1"/>
						<line number="1018" hits="0"/>
						<line number="1019" hits="0"/>
						<line number="1021" hits="1"/>
						<line number="1023" hits="1"/>
						<line number="1024" hits="1"/>
						<line number="1026" hits="1"/>
						<line number="1045" hits="1"/>
						<line number="1047" hits="1"/>
						<line number="1053" hits="1"/>
						<line number="1054" hits="0"/>
						<line number="1055" hits="0"/>
						<line number="1057" hits="1"/>
						<line number="1059" hits="1"/>
						<line number="1060" hits="1"/>
						<line number="1062" hits="1"/>
						<line number="1081" hits="1"/>
						<line number="1083" hits="1"/>
						<line number="1089" hits="1"/>
						<line number="1090" hits="0"/>
						<line number="1091" hits="0"/>
						<line number="1095" hits="1"/>
						<line number="1097" hits="1"/>
						<line number="1098" hits="1"/>
						<line number="1100" hits="1"/>
						<line number="1119" hits="1"/>
						<line number="1121" hits="1"/>
						<line number="1127" hits="1"/>
						<line number="1128" hits="0"/>
						<line number="1129" hits="0"/>
						<line number="1131" hits="1"/>
						<line number="1133" hits="1"/>
						<line number="1134" hits="1"/>
						<line number="1136" hits="1"/>
						<line number="1155" hits="1"/>
						<line number="1157" hits="1"/>
						<line number="1163" hits="1"/>
						<line number="1164" hits="0"/>
						<line number="1165" hits="0"/>
						<line number="1169" hits="1"/>
						<line number="1171" hits="1"/>
						<line number="1172" hits="1"/>
						<line number="1174" hits="1"/>
						<line number="1191" hits="1"/>
						<line number="1193" hits="1"/>
						<line number="1199" hits="1"/>
						<line number="1200" hits="0"/>
						<line number="1201" hits="0"/>
						<line number="1204" hits="1"/>
						<line number="1206" hits="1"/>
						<line number="1207" hits="1"/>
						<line number="1209" hits="1"/>
						<line number="1228" hits="1"/>
						<line number="1230" hits="1"/>
						<line number="1236" hits="1"/>
						<line number="1237" hits="0"/>
						<line number="1238" hits="0"/>
						<line number="1242" hits="1"/>
						<line number="1244" hits="1"/>
						<line number="1245" hits="1"/>
						<line number="1247" hits="1"/>
						<line number="1264" hits="1"/>
						<line number="1266" hits="1"/>
						<line number="1272" hits="1"/>
						<line number="1273" hits="0"/>
						<line number="1274" hits="0"/>
						<line number="1276" hits="1"/>
						<line number="1278" hits="1"/>
						<line number="1279" hits="1"/>
						<line number="1281" hits="1"/>
						<line number="1298" hits="1"/>
						<line number="1300" hits="1"/>
						<line number="1306" hits="1"/>
						<line number="1307" hits="0"/>
						<line number="1308" hits="0"/>
						<line number="1310" hits="1"/>
						<line number="1312" hits="1"/>
						<line number="1313" hits="1"/>
						<line number="1315" hits="1"/>
						<line number="1334" hits="1"/>
						<line number="1336" hits="1"/>
						<line number="1342" hits="1"/>
						<line number="1343" hits="0"/>
						<line number="1344" hits="0"/>
						<line number="1348" hits="1"/>
						<line number="1350" hits="1"/>
						<line number="1351" hits="1"/>
						<line number="1353" hits="1"/>
						<line number="1355" hits="1"/>
						<line number="1357" hits="1"/>
						<line number="1363" hits="1"/>
						<line number="1364" hits="0"/>
						<line number="1365" hits="0"/>
						<line number="1370" hits="1"/>
						<line number="1372" hits="1"/>
						<line number="1373" hits="1"/>
						<line number="1375" hits="1"/>
						<line number="1396" hits="1"/>
						<line number="1398" hits="1"/>
						<line number="1404" hits="1"/>
						<line number="1405" hits="0"/>
						<line number="1406" hits="0"/>
						<line number="1410" hits="1"/>
						<line number="1414" hits="1"/>
						<line number="1415" hits="1"/>
						<line number="1417" hits="1"/>
						<line number="1418" hits="1" branch="true" condition-coverage="100% (2/2)"/>
						<line number="1419" hits="1"/>
						<line number="1421" hits="1"/>
						<line number="1423" hits="1"/>
						<line number="1430" hits="1"/>
						<line number="1431" hits="0"/>
						<line number="1432" hits="0"/>
						<line number="1434" hits="1"/>
						<line number="1436" hits="1"/>
						<line number="1437" hits="1"/>
						<line number="1439" hits="1"/>
						<line number="1456" hits="1"/>
						<line number="1458" hits="1"/>
						<line number="1464" hits="1"/>
						<line number="1465" hits="0"/>
						<line number="1466" hits="0"/>
						<line number="1468" hits="1"/>
						<line number="1470" hits="1"/>
						<line number="1471" hits="1"/>
						<line number="1473" hits="1"/>
						<line number="1475" hits="1"/>
						<line number="1477" hits="1"/>
						<line number="1483" hits="1"/>
						<line number="1484" hits="0"/>
						<line number="1485" hits="0"/>
						<line number="1487" hits="1"/>
						<line number="1489" hits="1"/>
						<line number="1490" hits="1"/>
						<line number="1493" hits="1"/>
						<line number="1514" hits="1"/>
						<line number="1516" hits="1"/>
						<line number="1522" hits="1"/>
						<line number="1523" hits="0"/>
						<line number="1524" hits="0"/>
						<line number="1527" hits="1"/>
						<line number="1531" hits="1"/>
						<line number="1532" hits="1"/>
						<line number="1534" hits="1"/>
						<line number="1536" hits="1"/>
						<line number="1538" hits="1"/>
						<line number="1545" hits="1"/>
						<line number="1546" hits="0"/>
						<line number="1547" hits="0"/>
						<line number="1551" hits="1"/>
						<line number="1555" hits="1"/>
						<line number="1556" hits="1"/>
						<line number="1558" hits="1"/>
						<line number="1560" hits="1"/>
						<line number="1562" hits="1"/>
						<line number="1569" hits="1"/>
						<line number="1570" hits="0"/>
						<line number="1571" hits="0"/>
						<line number="1575" hits="1"/>
						<line number="1579" hits="1"/>
						<line number="1580" hits="1"/>
						<line number="1582" hits="1" branch="true" condition-coverage="100% (2/2)"/>
						<line number="1583" hits="1"/>
						<line number="1584" hits="1" branch="true" condition-coverage="50% (1/2)" missing-branches="1585"/>
						<line number="1585" hits="0"/>
						<line number="1586" hits="1" branch="true" condition-coverage="50% (1/2)" missing-branches="1589"/>
						<line number="1587" hits="1"/>
						<line number="1589" hits="0"/>
						<line number="1591" hits="1"/>
						<line number="1606" hits="1"/>
						<line number="1608" hits="1"/>
						<line number="1615" hits="1"/>
						<line number="1616" hits="0"/>
						<line number="1617" hits="0"/>
						<line number="1623" hits="1"/>
						<line number="1625" hits="1"/>
						<line number="1626" hits="1"/>
						<line number="1628" hits="1"/>
						<line number="1630" hits="1"/>
						<line number="1632" hits="1"/>
						<line number="1638" hits="1"/>
						<line number="1639" hits="0"/>
						<line number="1640" hits="0"/>
						<line number="1644" hits="1"/>
						<line number="1646" hits="0"/>
						<line number="1647" hits="0"/>
						<line number="1660" hits="1"/>
						<line number="1662" hits="1"/>
						<line number="1663" hits="1"/>
					</lines>
				</class>
			</classes>
		</package>
	</packages>
</coverage>
