============================= test session starts ==============================
platform darwin -- Python 3.10.17, pytest-8.4.1, pluggy-1.6.0 -- /Users/gupjigz/.local/share/mise/installs/python/3.10.17/bin/python
cachedir: .pytest_cache
rootdir: /Users/gupjigz/Desktop/mcp-apg/mcp-internal/mcp/src/postgres-mcp-server
configfile: pyproject.toml
plugins: anyio-4.9.0, asyncio-1.0.0
asyncio: mode=auto, asyncio_default_fixture_loop_scope=None, asyncio_default_test_loop_scope=function
collecting ... collected 4 items

tests/test_connection_factory.py::TestDBConnectionSingleton::test_singleton_initialization PASSED [ 25%]
tests/test_connection_factory.py::TestDBConnectionSingleton::test_singleton_validation_missing_params PASSED [ 50%]
tests/test_connection_factory.py::TestDBConnectionSingleton::test_singleton_get_without_initialization PASSED [ 75%]
tests/test_connection_factory.py::TestDBConnectionSingleton::test_singleton_cleanup PASSED [100%]

============================== 4 passed in 0.15s ===============================
