<?xml version="1.0" ?>
<coverage version="7.8.2" timestamp="1758941829788" lines-valid="4050" lines-covered="3408" line-rate="0.8415" branches-valid="1580" branches-covered="1097" branch-rate="0.6943" complexity="0">
	<!-- Generated by coverage.py: https://coverage.readthedocs.io/en/7.8.2 -->
	<!-- Based on https://raw.githubusercontent.com/cobertura/web/master/htdocs/xml/coverage-04.dtd -->
	<sources>
		<source>/Users/sureshnt/ECS/mcp/src/ecs-mcp-server</source>
	</sources>
	<packages>
		<package name="awslabs" line-rate="1" branch-rate="1" complexity="0">
			<classes>
				<class name="__init__.py" filename="awslabs/__init__.py" complexity="0" line-rate="1" branch-rate="1">
					<methods/>
					<lines/>
				</class>
			</classes>
		</package>
		<package name="awslabs.ecs_mcp_server" line-rate="0.9846" branch-rate="0.8333" complexity="0">
			<classes>
				<class name="__init__.py" filename="awslabs/ecs_mcp_server/__init__.py" complexity="0" line-rate="1" branch-rate="1">
					<methods/>
					<lines>
						<line number="17" hits="1"/>
					</lines>
				</class>
				<class name="main.py" filename="awslabs/ecs_mcp_server/main.py" complexity="0" line-rate="0.9844" branch-rate="0.8333">
					<methods/>
					<lines>
						<line number="19" hits="1"/>
						<line number="20" hits="1"/>
						<line number="21" hits="1"/>
						<line number="22" hits="1"/>
						<line number="23" hits="1"/>
						<line number="25" hits="1"/>
						<line number="27" hits="1"/>
						<line number="37" hits="1"/>
						<line number="38" hits="1"/>
						<line number="44" hits="1"/>
						<line number="46" hits="1"/>
						<line number="47" hits="1"/>
						<line number="48" hits="1"/>
						<line number="50" hits="1"/>
						<line number="52" hits="1" branch="true" condition-coverage="100% (2/2)"/>
						<line number="53" hits="1"/>
						<line number="54" hits="1"/>
						<line number="55" hits="1" branch="true" condition-coverage="100% (2/2)"/>
						<line number="56" hits="1"/>
						<line number="58" hits="1"/>
						<line number="59" hits="1"/>
						<line number="60" hits="1"/>
						<line number="61" hits="1"/>
						<line number="62" hits="1"/>
						<line number="63" hits="1"/>
						<line number="65" hits="1"/>
						<line number="68" hits="1"/>
						<line number="69" hits="1"/>
						<line number="76" hits="1"/>
						<line number="77" hits="1"/>
						<line number="80" hits="1"/>
						<line number="82" hits="1"/>
						<line number="83" hits="1"/>
						<line number="84" hits="1"/>
						<line number="87" hits="1"/>
						<line number="89" hits="1"/>
						<line number="91" hits="1"/>
						<line number="124" hits="1"/>
						<line number="127" hits="1"/>
						<line number="132" hits="1"/>
						<line number="133" hits="1"/>
						<line number="134" hits="1"/>
						<line number="135" hits="1"/>
						<line number="136" hits="1"/>
						<line number="137" hits="1"/>
						<line number="138" hits="1"/>
						<line number="141" hits="1"/>
						<line number="143" hits="1"/>
						<line number="146" hits="1"/>
						<line number="148" hits="1"/>
						<line number="150" hits="1"/>
						<line number="151" hits="1"/>
						<line number="153" hits="1"/>
						<line number="154" hits="1"/>
						<line number="155" hits="1"/>
						<line number="156" hits="1"/>
						<line number="157" hits="1"/>
						<line number="158" hits="1"/>
						<line number="159" hits="1"/>
						<line number="160" hits="1"/>
						<line number="161" hits="1"/>
						<line number="162" hits="1"/>
						<line number="165" hits="1" branch="true" condition-coverage="50% (1/2)" missing-branches="166"/>
						<line number="166" hits="0"/>
					</lines>
				</class>
			</classes>
		</package>
		<package name="awslabs.ecs_mcp_server.api" line-rate="0.7756" branch-rate="0.5976" complexity="0">
			<classes>
				<class name="__init__.py" filename="awslabs/ecs_mcp_server/api/__init__.py" complexity="0" line-rate="1" branch-rate="1">
					<methods/>
					<lines>
						<line number="21" hits="1"/>
						<line number="24" hits="1"/>
					</lines>
				</class>
				<class name="containerize.py" filename="awslabs/ecs_mcp_server/api/containerize.py" complexity="0" line-rate="1" branch-rate="1">
					<methods/>
					<lines>
						<line number="22" hits="1"/>
						<line number="23" hits="1"/>
						<line number="24" hits="1"/>
						<line number="26" hits="1"/>
						<line number="29" hits="1"/>
						<line number="47" hits="1"/>
						<line number="49" hits="1"/>
						<line number="55" hits="1"/>
						<line number="61" hits="1"/>
						<line number="68" hits="1"/>
						<line number="80" hits="1"/>
						<line number="83" hits="1"/>
						<line number="98" hits="1"/>
						<line number="109" hits="1"/>
						<line number="285" hits="1"/>
					</lines>
				</class>
				<class name="delete.py" filename="awslabs/ecs_mcp_server/api/delete.py" complexity="0" line-rate="0.9314" branch-rate="0.9583">
					<methods/>
					<lines>
						<line number="19" hits="1"/>
						<line number="20" hits="1"/>
						<line number="21" hits="1"/>
						<line number="23" hits="1"/>
						<line number="24" hits="1"/>
						<line number="26" hits="1"/>
						<line number="29" hits="1"/>
						<line number="47" hits="1"/>
						<line number="50" hits="1"/>
						<line number="66" hits="1"/>
						<line number="68" hits="1" branch="true" condition-coverage="100% (2/2)"/>
						<line number="69" hits="1"/>
						<line number="71" hits="1"/>
						<line number="73" hits="1" branch="true" condition-coverage="100% (2/2)"/>
						<line number="74" hits="1"/>
						<line number="76" hits="1"/>
						<line number="77" hits="1"/>
						<line number="78" hits="1"/>
						<line number="79" hits="1"/>
						<line number="86" hits="1"/>
						<line number="89" hits="1"/>
						<line number="90" hits="1"/>
						<line number="108" hits="1"/>
						<line number="109" hits="1"/>
						<line number="110" hits="1"/>
						<line number="111" hits="1"/>
						<line number="118" hits="1"/>
						<line number="119" hits="1"/>
						<line number="122" hits="1"/>
						<line number="123" hits="1"/>
						<line number="126" hits="1" branch="true" condition-coverage="100% (2/2)"/>
						<line number="127" hits="1"/>
						<line number="129" hits="1"/>
						<line number="134" hits="1"/>
						<line number="135" hits="1"/>
						<line number="139" hits="1"/>
						<line number="140" hits="1" branch="true" condition-coverage="100% (2/2)"/>
						<line number="141" hits="1"/>
						<line number="144" hits="1"/>
						<line number="145" hits="1"/>
						<line number="146" hits="1"/>
						<line number="147" hits="1"/>
						<line number="148" hits="1"/>
						<line number="150" hits="1"/>
						<line number="153" hits="1"/>
						<line number="155" hits="1" branch="true" condition-coverage="100% (2/2)"/>
						<line number="156" hits="1"/>
						<line number="159" hits="1"/>
						<line number="160" hits="1"/>
						<line number="161" hits="1"/>
						<line number="162" hits="1"/>
						<line number="163" hits="1"/>
						<line number="164" hits="1"/>
						<line number="167" hits="1" branch="true" condition-coverage="100% (2/2)"/>
						<line number="168" hits="1"/>
						<line number="170" hits="1"/>
						<line number="175" hits="1"/>
						<line number="176" hits="1"/>
						<line number="180" hits="1"/>
						<line number="181" hits="1" branch="true" condition-coverage="50% (1/2)" missing-branches="182"/>
						<line number="182" hits="0"/>
						<line number="185" hits="0"/>
						<line number="186" hits="0"/>
						<line number="187" hits="0"/>
						<line number="188" hits="0"/>
						<line number="189" hits="0"/>
						<line number="191" hits="0"/>
						<line number="194" hits="1"/>
						<line number="196" hits="1" branch="true" condition-coverage="100% (2/2)"/>
						<line number="197" hits="1"/>
						<line number="200" hits="1"/>
						<line number="201" hits="1"/>
						<line number="202" hits="1"/>
						<line number="203" hits="1"/>
						<line number="204" hits="1"/>
						<line number="205" hits="1"/>
						<line number="208" hits="1" branch="true" condition-coverage="100% (2/2)"/>
						<line number="209" hits="1"/>
						<line number="211" hits="1" branch="true" condition-coverage="100% (2/2)"/>
						<line number="219" hits="1"/>
						<line number="220" hits="1"/>
						<line number="225" hits="1"/>
						<line number="226" hits="1"/>
						<line number="227" hits="1"/>
						<line number="228" hits="1"/>
						<line number="229" hits="1"/>
						<line number="230" hits="1"/>
						<line number="231" hits="1"/>
						<line number="234" hits="1" branch="true" condition-coverage="100% (2/2)"/>
						<line number="235" hits="1"/>
						<line number="237" hits="1" branch="true" condition-coverage="100% (2/2)"/>
						<line number="245" hits="1"/>
						<line number="246" hits="1"/>
						<line number="251" hits="1"/>
						<line number="252" hits="1"/>
						<line number="253" hits="1"/>
						<line number="254" hits="1"/>
						<line number="255" hits="1"/>
						<line number="256" hits="1"/>
						<line number="257" hits="1"/>
						<line number="260" hits="1"/>
						<line number="279" hits="1"/>
					</lines>
				</class>
				<class name="ecs_troubleshooting.py" filename="awslabs/ecs_mcp_server/api/ecs_troubleshooting.py" complexity="0" line-rate="0.963" branch-rate="0.8571">
					<methods/>
					<lines>
						<line number="22" hits="1"/>
						<line number="23" hits="1"/>
						<line number="24" hits="1"/>
						<line number="26" hits="1"/>
						<line number="29" hits="1"/>
						<line number="32" hits="1"/>
						<line number="35" hits="1"/>
						<line number="38" hits="1"/>
						<line number="41" hits="1"/>
						<line number="44" hits="1"/>
						<line number="48" hits="1"/>
						<line number="51" hits="1"/>
						<line number="62" hits="1"/>
						<line number="249" hits="1"/>
						<line number="253" hits="1"/>
						<line number="254" hits="1"/>
						<line number="256" hits="1" branch="true" condition-coverage="100% (2/2)"/>
						<line number="258" hits="1"/>
						<line number="259" hits="1"/>
						<line number="262" hits="1"/>
						<line number="265" hits="1" branch="true" condition-coverage="100% (2/2)"/>
						<line number="266" hits="1"/>
						<line number="267" hits="1" branch="true" condition-coverage="100% (2/2)"/>
						<line number="268" hits="1"/>
						<line number="269" hits="1"/>
						<line number="270" hits="1" branch="true" condition-coverage="50% (1/2)" missing-branches="274"/>
						<line number="271" hits="1"/>
						<line number="274" hits="1"/>
						<line number="276" hits="1"/>
						<line number="279" hits="1"/>
						<line number="280" hits="1"/>
						<line number="283" hits="1"/>
						<line number="285" hits="1"/>
						<line number="286" hits="1" branch="true" condition-coverage="50% (1/2)" missing-branches="290"/>
						<line number="287" hits="1"/>
						<line number="288" hits="1"/>
						<line number="290" hits="0"/>
						<line number="292" hits="1"/>
						<line number="295" hits="1"/>
						<line number="306" hits="1"/>
						<line number="312" hits="1"/>
						<line number="323" hits="1"/>
						<line number="331" hits="1"/>
						<line number="334" hits="1"/>
						<line number="336" hits="1" branch="true" condition-coverage="100% (2/2)"/>
						<line number="337" hits="1"/>
						<line number="338" hits="1"/>
						<line number="341" hits="1"/>
						<line number="343" hits="1"/>
						<line number="346" hits="1" branch="true" condition-coverage="100% (2/2)"/>
						<line number="347" hits="1" branch="true" condition-coverage="100% (2/2)"/>
						<line number="355" hits="1"/>
						<line number="359" hits="1"/>
						<line number="362" hits="1" branch="true" condition-coverage="100% (2/2)"/>
						<line number="363" hits="1" branch="true" condition-coverage="100% (2/2)"/>
						<line number="364" hits="1"/>
						<line number="368" hits="1"/>
						<line number="371" hits="1"/>
						<line number="393" hits="1"/>
						<line number="394" hits="1" branch="true" condition-coverage="50% (1/2)" missing-branches="395"/>
						<line number="395" hits="0"/>
						<line number="398" hits="1"/>
						<line number="401" hits="1"/>
						<line number="407" hits="1" branch="true" condition-coverage="100% (2/2)"/>
						<line number="409" hits="1"/>
						<line number="412" hits="1"/>
						<line number="413" hits="1" branch="true" condition-coverage="100% (2/2)"/>
						<line number="414" hits="1"/>
						<line number="423" hits="1"/>
						<line number="426" hits="1"/>
						<line number="429" hits="1"/>
						<line number="432" hits="1"/>
						<line number="433" hits="1" branch="true" condition-coverage="50% (1/2)" missing-branches="434"/>
						<line number="434" hits="0"/>
						<line number="436" hits="1"/>
						<line number="438" hits="1"/>
						<line number="439" hits="1"/>
						<line number="440" hits="1"/>
						<line number="441" hits="1"/>
						<line number="442" hits="1"/>
						<line number="443" hits="1"/>
					</lines>
				</class>
				<class name="infrastructure.py" filename="awslabs/ecs_mcp_server/api/infrastructure.py" complexity="0" line-rate="0.932" branch-rate="0.6964">
					<methods/>
					<lines>
						<line number="19" hits="1"/>
						<line number="20" hits="1"/>
						<line number="21" hits="1"/>
						<line number="22" hits="1"/>
						<line number="24" hits="1"/>
						<line number="30" hits="1"/>
						<line number="36" hits="1"/>
						<line number="38" hits="1"/>
						<line number="41" hits="1"/>
						<line number="58" hits="1"/>
						<line number="61" hits="1"/>
						<line number="62" hits="1"/>
						<line number="63" hits="1"/>
						<line number="65" hits="1" branch="true" condition-coverage="50% (1/2)" missing-branches="67"/>
						<line number="67" hits="0"/>
						<line number="69" hits="1"/>
						<line number="72" hits="1"/>
						<line number="73" hits="1"/>
						<line number="76" hits="1"/>
						<line number="77" hits="1"/>
						<line number="80" hits="1"/>
						<line number="81" hits="1"/>
						<line number="83" hits="1"/>
						<line number="84" hits="1"/>
						<line number="86" hits="1"/>
						<line number="87" hits="1"/>
						<line number="90" hits="1"/>
						<line number="92" hits="1"/>
						<line number="93" hits="1"/>
						<line number="95" hits="1"/>
						<line number="96" hits="1"/>
						<line number="98" hits="1"/>
						<line number="106" hits="1"/>
						<line number="149" hits="1"/>
						<line number="152" hits="1"/>
						<line number="155" hits="1" branch="true" condition-coverage="100% (2/2)"/>
						<line number="156" hits="1"/>
						<line number="159" hits="1"/>
						<line number="160" hits="1"/>
						<line number="161" hits="1"/>
						<line number="164" hits="1" branch="true" condition-coverage="100% (2/2)"/>
						<line number="165" hits="1"/>
						<line number="207" hits="1" branch="true" condition-coverage="100% (2/2)"/>
						<line number="209" hits="1"/>
						<line number="210" hits="1"/>
						<line number="211" hits="0"/>
						<line number="213" hits="0" branch="true" condition-coverage="0% (0/2)" missing-branches="214,216"/>
						<line number="214" hits="0"/>
						<line number="216" hits="0"/>
						<line number="218" hits="1"/>
						<line number="223" hits="1" branch="true" condition-coverage="50% (1/2)" missing-branches="290"/>
						<line number="224" hits="1"/>
						<line number="245" hits="1"/>
						<line number="247" hits="1"/>
						<line number="250" hits="1"/>
						<line number="251" hits="1"/>
						<line number="254" hits="1"/>
						<line number="255" hits="1"/>
						<line number="256" hits="1"/>
						<line number="258" hits="1" branch="true" condition-coverage="100% (2/2)"/>
						<line number="259" hits="1" branch="true" condition-coverage="100% (2/2)"/>
						<line number="260" hits="1"/>
						<line number="261" hits="1" branch="true" condition-coverage="50% (1/2)" missing-branches="258"/>
						<line number="262" hits="1"/>
						<line number="264" hits="1" branch="true" condition-coverage="50% (1/2)" missing-branches="265"/>
						<line number="265" hits="0"/>
						<line number="270" hits="1"/>
						<line number="278" hits="1"/>
						<line number="279" hits="1"/>
						<line number="280" hits="1"/>
						<line number="290" hits="1"/>
						<line number="291" hits="1" branch="true" condition-coverage="100% (2/2)"/>
						<line number="292" hits="1"/>
						<line number="293" hits="1"/>
						<line number="296" hits="1"/>
						<line number="297" hits="1"/>
						<line number="299" hits="1"/>
						<line number="301" hits="1" branch="true" condition-coverage="50% (1/2)" missing-branches="302"/>
						<line number="302" hits="0"/>
						<line number="306" hits="1"/>
						<line number="308" hits="1"/>
						<line number="311" hits="1"/>
						<line number="314" hits="1" branch="true" condition-coverage="50% (1/2)" missing-branches="359"/>
						<line number="315" hits="1"/>
						<line number="333" hits="1"/>
						<line number="334" hits="1"/>
						<line number="335" hits="1"/>
						<line number="351" hits="1"/>
						<line number="352" hits="1"/>
						<line number="355" hits="1"/>
						<line number="356" hits="1"/>
						<line number="359" hits="1" branch="true" condition-coverage="50% (1/2)" missing-branches="429"/>
						<line number="360" hits="1"/>
						<line number="362" hits="1"/>
						<line number="363" hits="1"/>
						<line number="364" hits="1"/>
						<line number="366" hits="1" branch="true" condition-coverage="50% (1/2)" missing-branches="369"/>
						<line number="367" hits="1"/>
						<line number="369" hits="0"/>
						<line number="371" hits="1"/>
						<line number="387" hits="1"/>
						<line number="408" hits="1"/>
						<line number="410" hits="1"/>
						<line number="411" hits="1"/>
						<line number="412" hits="1"/>
						<line number="429" hits="0"/>
						<line number="435" hits="1"/>
						<line number="449" hits="1"/>
						<line number="451" hits="1"/>
						<line number="453" hits="1"/>
						<line number="456" hits="1"/>
						<line number="459" hits="1" branch="true" condition-coverage="100% (2/2)"/>
						<line number="460" hits="1"/>
						<line number="461" hits="1"/>
						<line number="462" hits="1"/>
						<line number="465" hits="1"/>
						<line number="468" hits="1" branch="true" condition-coverage="100% (2/2)"/>
						<line number="469" hits="1"/>
						<line number="470" hits="1"/>
						<line number="471" hits="1"/>
						<line number="475" hits="1"/>
						<line number="480" hits="1"/>
						<line number="481" hits="1"/>
						<line number="482" hits="1"/>
						<line number="484" hits="1"/>
						<line number="485" hits="1"/>
						<line number="486" hits="1"/>
						<line number="489" hits="1"/>
						<line number="503" hits="1"/>
						<line number="506" hits="1"/>
						<line number="509" hits="1"/>
						<line number="510" hits="1"/>
						<line number="513" hits="1"/>
						<line number="514" hits="1"/>
						<line number="515" hits="1"/>
						<line number="516" hits="1"/>
						<line number="517" hits="1"/>
						<line number="519" hits="1" branch="true" condition-coverage="100% (2/2)"/>
						<line number="521" hits="1"/>
						<line number="522" hits="1"/>
						<line number="530" hits="1"/>
						<line number="531" hits="1"/>
						<line number="532" hits="1"/>
						<line number="534" hits="1" branch="true" condition-coverage="50% (1/2)" missing-branches="542"/>
						<line number="535" hits="1"/>
						<line number="536" hits="1"/>
						<line number="539" hits="1"/>
						<line number="542" hits="0"/>
						<line number="545" hits="1"/>
						<line number="553" hits="1"/>
						<line number="556" hits="1"/>
						<line number="557" hits="1"/>
						<line number="558" hits="1"/>
						<line number="559" hits="1"/>
						<line number="562" hits="1"/>
						<line number="563" hits="1"/>
						<line number="564" hits="1"/>
						<line number="565" hits="1"/>
						<line number="567" hits="1" branch="true" condition-coverage="100% (2/2)"/>
						<line number="568" hits="1" branch="true" condition-coverage="100% (2/2)"/>
						<line number="569" hits="1"/>
						<line number="570" hits="1" branch="true" condition-coverage="50% (1/2)" missing-branches="567"/>
						<line number="571" hits="1"/>
						<line number="573" hits="1"/>
						<line number="574" hits="1"/>
						<line number="576" hits="1"/>
						<line number="588" hits="1"/>
						<line number="622" hits="1"/>
						<line number="625" hits="1"/>
						<line number="626" hits="1"/>
						<line number="627" hits="1"/>
						<line number="628" hits="1"/>
						<line number="629" hits="1"/>
						<line number="632" hits="1" branch="true" condition-coverage="50% (1/2)" missing-branches="633"/>
						<line number="633" hits="0"/>
						<line number="634" hits="0"/>
						<line number="637" hits="1" branch="true" condition-coverage="50% (1/2)" missing-branches="643"/>
						<line number="638" hits="1"/>
						<line number="639" hits="1"/>
						<line number="640" hits="1"/>
						<line number="643" hits="1" branch="true" condition-coverage="50% (1/2)" missing-branches="653"/>
						<line number="644" hits="1"/>
						<line number="647" hits="1" branch="true" condition-coverage="50% (1/2)" missing-branches="650"/>
						<line number="648" hits="1"/>
						<line number="650" hits="0"/>
						<line number="653" hits="1"/>
						<line number="654" hits="1"/>
						<line number="657" hits="1"/>
						<line number="658" hits="1"/>
						<line number="659" hits="1"/>
						<line number="660" hits="1"/>
						<line number="661" hits="1"/>
						<line number="663" hits="1" branch="true" condition-coverage="100% (2/2)"/>
						<line number="665" hits="1"/>
						<line number="666" hits="1"/>
						<line number="694" hits="1"/>
						<line number="695" hits="1"/>
						<line number="696" hits="1"/>
						<line number="698" hits="1" branch="true" condition-coverage="50% (1/2)" missing-branches="706"/>
						<line number="699" hits="1"/>
						<line number="700" hits="1"/>
						<line number="703" hits="1"/>
						<line number="706" hits="0"/>
						<line number="709" hits="1"/>
						<line number="737" hits="1"/>
						<line number="739" hits="1"/>
					</lines>
				</class>
				<class name="resource_management.py" filename="awslabs/ecs_mcp_server/api/resource_management.py" complexity="0" line-rate="1" branch-rate="1">
					<methods/>
					<lines>
						<line number="22" hits="1"/>
						<line number="23" hits="1"/>
						<line number="24" hits="1"/>
						<line number="26" hits="1"/>
						<line number="28" hits="1"/>
						<line number="31" hits="1"/>
						<line number="95" hits="1"/>
						<line number="114" hits="1"/>
						<line number="115" hits="1"/>
						<line number="118" hits="1"/>
						<line number="134" hits="1" branch="true" condition-coverage="100% (2/2)"/>
						<line number="135" hits="1"/>
						<line number="136" hits="1"/>
						<line number="141" hits="1" branch="true" condition-coverage="100% (2/2)"/>
						<line number="143" hits="1"/>
						<line number="146" hits="1"/>
						<line number="147" hits="1" branch="true" condition-coverage="100% (2/2)"/>
						<line number="148" hits="1"/>
						<line number="156" hits="1"/>
						<line number="158" hits="1"/>
						<line number="160" hits="1"/>
						<line number="163" hits="1"/>
						<line number="166" hits="1"/>
						<line number="169" hits="1"/>
						<line number="170" hits="1"/>
						<line number="171" hits="1"/>
						<line number="172" hits="1"/>
						<line number="173" hits="1"/>
					</lines>
				</class>
				<class name="security_analysis.py" filename="awslabs/ecs_mcp_server/api/security_analysis.py" complexity="0" line-rate="0.729" branch-rate="0.564">
					<methods/>
					<lines>
						<line number="23" hits="1"/>
						<line number="24" hits="1"/>
						<line number="25" hits="1"/>
						<line number="26" hits="1"/>
						<line number="27" hits="1"/>
						<line number="29" hits="1"/>
						<line number="30" hits="1"/>
						<line number="31" hits="0"/>
						<line number="32" hits="0"/>
						<line number="34" hits="1"/>
						<line number="36" hits="1"/>
						<line number="37" hits="1"/>
						<line number="38" hits="1"/>
						<line number="40" hits="1"/>
						<line number="43" hits="1"/>
						<line number="62" hits="1"/>
						<line number="63" hits="1"/>
						<line number="65" hits="1"/>
						<line number="68" hits="1" branch="true" condition-coverage="50% (1/2)" missing-branches="73"/>
						<line number="69" hits="1"/>
						<line number="70" hits="1"/>
						<line number="73" hits="1" branch="true" condition-coverage="50% (1/2)" missing-branches="74"/>
						<line number="74" hits="0"/>
						<line number="75" hits="0"/>
						<line number="77" hits="1"/>
						<line number="80" hits="1"/>
						<line number="88" hits="1"/>
						<line number="90" hits="1"/>
						<line number="92" hits="1"/>
						<line number="96" hits="1"/>
						<line number="97" hits="1"/>
						<line number="100" hits="1"/>
						<line number="105" hits="1"/>
						<line number="112" hits="1"/>
						<line number="114" hits="1" branch="true" condition-coverage="50% (1/2)" missing-branches="115"/>
						<line number="115" hits="0"/>
						<line number="116" hits="0"/>
						<line number="122" hits="1"/>
						<line number="123" hits="1" branch="true" condition-coverage="50% (1/2)" missing-branches="131"/>
						<line number="124" hits="1"/>
						<line number="125" hits="1"/>
						<line number="131" hits="0"/>
						<line number="134" hits="0"/>
						<line number="148" hits="0" branch="true" condition-coverage="0% (0/2)" missing-branches="149,152"/>
						<line number="149" hits="0"/>
						<line number="152" hits="0" branch="true" condition-coverage="0% (0/2)" missing-branches="153,155"/>
						<line number="153" hits="0"/>
						<line number="155" hits="0"/>
						<line number="157" hits="0"/>
						<line number="158" hits="0"/>
						<line number="159" hits="0"/>
						<line number="161" hits="1"/>
						<line number="165" hits="1"/>
						<line number="166" hits="1"/>
						<line number="168" hits="1" branch="true" condition-coverage="50% (1/2)" missing-branches="169"/>
						<line number="169" hits="0"/>
						<line number="172" hits="1"/>
						<line number="173" hits="1"/>
						<line number="177" hits="1" branch="true" condition-coverage="100% (2/2)"/>
						<line number="178" hits="1"/>
						<line number="181" hits="1"/>
						<line number="183" hits="1"/>
						<line number="185" hits="1"/>
						<line number="186" hits="1" branch="true" condition-coverage="100% (2/2)"/>
						<line number="188" hits="1" branch="true" condition-coverage="50% (1/2)" missing-branches="186"/>
						<line number="189" hits="1"/>
						<line number="190" hits="1"/>
						<line number="191" hits="0"/>
						<line number="192" hits="0"/>
						<line number="193" hits="0"/>
						<line number="195" hits="1" branch="true" condition-coverage="100% (2/2)"/>
						<line number="196" hits="1"/>
						<line number="197" hits="1"/>
						<line number="199" hits="1"/>
						<line number="201" hits="1" branch="true" condition-coverage="100% (2/2)"/>
						<line number="202" hits="1"/>
						<line number="203" hits="1"/>
						<line number="207" hits="1" branch="true" condition-coverage="50% (1/2)" missing-branches="208"/>
						<line number="208" hits="0"/>
						<line number="211" hits="0"/>
						<line number="213" hits="1"/>
						<line number="214" hits="1" branch="true" condition-coverage="50% (1/2)" missing-branches="215"/>
						<line number="215" hits="0"/>
						<line number="216" hits="0"/>
						<line number="218" hits="1"/>
						<line number="220" hits="1"/>
						<line number="224" hits="1"/>
						<line number="225" hits="1" branch="true" condition-coverage="50% (1/2)" missing-branches="226"/>
						<line number="226" hits="0"/>
						<line number="228" hits="1"/>
						<line number="229" hits="1" branch="true" condition-coverage="50% (1/2)" missing-branches="230"/>
						<line number="230" hits="0"/>
						<line number="233" hits="0" branch="true" condition-coverage="0% (0/2)" missing-branches="234,237"/>
						<line number="234" hits="0"/>
						<line number="237" hits="1"/>
						<line number="238" hits="1"/>
						<line number="243" hits="1"/>
						<line number="247" hits="1"/>
						<line number="262" hits="1"/>
						<line number="264" hits="0"/>
						<line number="265" hits="0"/>
						<line number="266" hits="0"/>
						<line number="268" hits="1"/>
						<line number="270" hits="0"/>
						<line number="271" hits="0"/>
						<line number="272" hits="0"/>
						<line number="274" hits="1"/>
						<line number="276" hits="1"/>
						<line number="277" hits="1"/>
						<line number="280" hits="1"/>
						<line number="284" hits="1" branch="true" condition-coverage="100% (2/2)"/>
						<line number="285" hits="1"/>
						<line number="288" hits="1"/>
						<line number="294" hits="1"/>
						<line number="296" hits="1" branch="true" condition-coverage="50% (1/2)" missing-branches="297"/>
						<line number="297" hits="0"/>
						<line number="304" hits="1"/>
						<line number="309" hits="1" branch="true" condition-coverage="50% (1/2)" missing-branches="310"/>
						<line number="310" hits="0"/>
						<line number="313" hits="0"/>
						<line number="319" hits="1"/>
						<line number="325" hits="0"/>
						<line number="326" hits="0"/>
						<line number="329" hits="0"/>
						<line number="331" hits="1"/>
						<line number="335" hits="1"/>
						<line number="336" hits="1"/>
						<line number="338" hits="1"/>
						<line number="342" hits="1" branch="true" condition-coverage="50% (1/2)" missing-branches="343"/>
						<line number="343" hits="0"/>
						<line number="344" hits="0"/>
						<line number="350" hits="1"/>
						<line number="351" hits="1"/>
						<line number="353" hits="1"/>
						<line number="367" hits="1"/>
						<line number="373" hits="0"/>
						<line number="374" hits="0"/>
						<line number="375" hits="0"/>
						<line number="377" hits="1"/>
						<line number="381" hits="1"/>
						<line number="382" hits="1"/>
						<line number="384" hits="1" branch="true" condition-coverage="100% (2/2)"/>
						<line number="385" hits="1"/>
						<line number="386" hits="1"/>
						<line number="388" hits="1" branch="true" condition-coverage="50% (1/2)" missing-branches="391"/>
						<line number="389" hits="1"/>
						<line number="391" hits="0"/>
						<line number="393" hits="1"/>
						<line number="395" hits="1" branch="true" condition-coverage="100% (2/2)"/>
						<line number="396" hits="1"/>
						<line number="397" hits="1"/>
						<line number="401" hits="1" branch="true" condition-coverage="50% (1/2)" missing-branches="395"/>
						<line number="402" hits="1"/>
						<line number="405" hits="0"/>
						<line number="406" hits="0"/>
						<line number="409" hits="0"/>
						<line number="415" hits="1"/>
						<line number="417" hits="0"/>
						<line number="418" hits="0"/>
						<line number="419" hits="0"/>
						<line number="421" hits="1"/>
						<line number="423" hits="0"/>
						<line number="424" hits="0"/>
						<line number="425" hits="0"/>
						<line number="427" hits="1"/>
						<line number="431" hits="1"/>
						<line number="432" hits="1"/>
						<line number="433" hits="1"/>
						<line number="434" hits="1"/>
						<line number="435" hits="1"/>
						<line number="437" hits="1"/>
						<line number="438" hits="1" branch="true" condition-coverage="50% (1/2)" missing-branches="439"/>
						<line number="439" hits="0"/>
						<line number="440" hits="1" branch="true" condition-coverage="50% (1/2)" missing-branches="441"/>
						<line number="441" hits="0"/>
						<line number="442" hits="1" branch="true" condition-coverage="50% (1/2)" missing-branches="443"/>
						<line number="443" hits="0"/>
						<line number="444" hits="1" branch="true" condition-coverage="50% (1/2)" missing-branches="445"/>
						<line number="445" hits="0"/>
						<line number="447" hits="1"/>
						<line number="465" hits="1" branch="true" condition-coverage="50% (1/2)" missing-branches="466"/>
						<line number="466" hits="0"/>
						<line number="467" hits="0"/>
						<line number="469" hits="1"/>
						<line number="471" hits="0"/>
						<line number="472" hits="0"/>
						<line number="473" hits="0"/>
						<line number="475" hits="1"/>
						<line number="479" hits="0"/>
						<line number="481" hits="1"/>
						<line number="483" hits="1" branch="true" condition-coverage="50% (1/2)" missing-branches="489"/>
						<line number="484" hits="1"/>
						<line number="489" hits="0"/>
						<line number="492" hits="1"/>
						<line number="495" hits="1"/>
						<line number="497" hits="1"/>
						<line number="510" hits="1"/>
						<line number="518" hits="1"/>
						<line number="520" hits="1" branch="true" condition-coverage="50% (1/2)" missing-branches="522"/>
						<line number="521" hits="1"/>
						<line number="522" hits="1" branch="true" condition-coverage="50% (1/2)" missing-branches="525"/>
						<line number="523" hits="1"/>
						<line number="525" hits="1"/>
						<line number="527" hits="1"/>
						<line number="529" hits="1"/>
						<line number="531" hits="1" branch="true" condition-coverage="100% (2/2)"/>
						<line number="532" hits="1" branch="true" condition-coverage="50% (1/2)" missing-branches="533"/>
						<line number="533" hits="0"/>
						<line number="535" hits="1" branch="true" condition-coverage="100% (2/2)"/>
						<line number="536" hits="1" branch="true" condition-coverage="50% (1/2)" missing-branches="537"/>
						<line number="537" hits="0"/>
						<line number="540" hits="1"/>
						<line number="545" hits="1"/>
						<line number="546" hits="1" branch="true" condition-coverage="50% (1/2)" missing-branches="547"/>
						<line number="547" hits="0"/>
						<line number="550" hits="0"/>
						<line number="553" hits="0"/>
						<line number="556" hits="0"/>
						<line number="559" hits="0"/>
						<line number="564" hits="1"/>
						<line number="567" hits="1"/>
						<line number="570" hits="1"/>
						<line number="573" hits="1"/>
						<line number="578" hits="1"/>
						<line number="581" hits="1"/>
						<line number="586" hits="1" branch="true" condition-coverage="50% (1/2)" missing-branches="587"/>
						<line number="587" hits="0"/>
						<line number="588" hits="0"/>
						<line number="589" hits="0"/>
						<line number="590" hits="0"/>
						<line number="592" hits="0"/>
						<line number="595" hits="0"/>
						<line number="598" hits="0"/>
						<line number="603" hits="0"/>
						<line number="608" hits="0"/>
						<line number="615" hits="0"/>
						<line number="620" hits="0"/>
						<line number="627" hits="0"/>
						<line number="632" hits="0"/>
						<line number="637" hits="0"/>
						<line number="640" hits="0"/>
						<line number="647" hits="0"/>
						<line number="654" hits="0"/>
						<line number="661" hits="0"/>
						<line number="668" hits="0"/>
						<line number="675" hits="0"/>
						<line number="682" hits="0" branch="true" condition-coverage="0% (0/2)" missing-branches="586,683"/>
						<line number="683" hits="0"/>
						<line number="684" hits="0"/>
						<line number="689" hits="0"/>
						<line number="695" hits="0"/>
						<line number="698" hits="0"/>
						<line number="701" hits="1"/>
						<line number="702" hits="1" branch="true" condition-coverage="100% (2/2)"/>
						<line number="703" hits="1"/>
						<line number="704" hits="1"/>
						<line number="707" hits="1"/>
						<line number="709" hits="1"/>
						<line number="725" hits="1"/>
						<line number="729" hits="1"/>
						<line number="731" hits="1"/>
						<line number="732" hits="1"/>
						<line number="735" hits="1"/>
						<line number="741" hits="1"/>
						<line number="743" hits="1" branch="true" condition-coverage="50% (1/2)" missing-branches="759"/>
						<line number="744" hits="1"/>
						<line number="759" hits="1"/>
						<line number="762" hits="1"/>
						<line number="763" hits="1" branch="true" condition-coverage="50% (1/2)" missing-branches="776"/>
						<line number="764" hits="1"/>
						<line number="776" hits="0"/>
						<line number="777" hits="0" branch="true" condition-coverage="0% (0/2)" missing-branches="778,790"/>
						<line number="778" hits="0"/>
						<line number="790" hits="0"/>
						<line number="791" hits="0" branch="true" condition-coverage="0% (0/2)" missing-branches="792,808"/>
						<line number="792" hits="0"/>
						<line number="808" hits="1"/>
						<line number="809" hits="1" branch="true" condition-coverage="100% (2/2)"/>
						<line number="810" hits="1"/>
						<line number="823" hits="1"/>
						<line number="825" hits="1"/>
						<line number="829" hits="1"/>
						<line number="832" hits="1"/>
						<line number="833" hits="1" branch="true" condition-coverage="100% (2/2)"/>
						<line number="834" hits="1"/>
						<line number="837" hits="1"/>
						<line number="838" hits="1"/>
						<line number="841" hits="1" branch="true" condition-coverage="50% (1/2)" missing-branches="874"/>
						<line number="842" hits="1"/>
						<line number="844" hits="1"/>
						<line number="847" hits="1" branch="true" condition-coverage="50% (1/2)" missing-branches="874"/>
						<line number="850" hits="1"/>
						<line number="860" hits="0"/>
						<line number="862" hits="0"/>
						<line number="874" hits="1"/>
						<line number="877" hits="1"/>
						<line number="878" hits="1" branch="true" condition-coverage="50% (1/2)" missing-branches="891"/>
						<line number="879" hits="1"/>
						<line number="891" hits="1"/>
						<line number="894" hits="1" branch="true" condition-coverage="50% (1/2)" missing-branches="833"/>
						<line number="895" hits="1"/>
						<line number="897" hits="1" branch="true" condition-coverage="50% (1/2)" missing-branches="833"/>
						<line number="900" hits="1"/>
						<line number="912" hits="1"/>
						<line number="913" hits="1" branch="true" condition-coverage="100% (2/2)"/>
						<line number="914" hits="1"/>
						<line number="917" hits="1"/>
						<line number="918" hits="1" branch="true" condition-coverage="50% (1/2)" missing-branches="913"/>
						<line number="920" hits="1"/>
						<line number="921" hits="1" branch="true" condition-coverage="50% (1/2)" missing-branches="913"/>
						<line number="923" hits="1"/>
						<line number="926" hits="1" branch="true" condition-coverage="50% (1/2)" missing-branches="913"/>
						<line number="927" hits="1"/>
						<line number="938" hits="1"/>
						<line number="940" hits="1"/>
						<line number="944" hits="1"/>
						<line number="947" hits="1"/>
						<line number="948" hits="1" branch="true" condition-coverage="100% (2/2)"/>
						<line number="949" hits="1"/>
						<line number="961" hits="1"/>
						<line number="962" hits="1" branch="true" condition-coverage="100% (2/2)"/>
						<line number="963" hits="1"/>
						<line number="964" hits="1" branch="true" condition-coverage="50% (1/2)" missing-branches="979"/>
						<line number="965" hits="1"/>
						<line number="979" hits="1"/>
						<line number="980" hits="1" branch="true" condition-coverage="50% (1/2)" missing-branches="981"/>
						<line number="981" hits="0"/>
						<line number="982" hits="0" branch="true" condition-coverage="0% (0/2)" missing-branches="983,997"/>
						<line number="983" hits="0"/>
						<line number="997" hits="1"/>
						<line number="998" hits="1" branch="true" condition-coverage="100% (2/2)"/>
						<line number="999" hits="1"/>
						<line number="1009" hits="1" branch="true" condition-coverage="50% (1/2)" missing-branches="1010"/>
						<line number="1010" hits="0"/>
						<line number="1030" hits="1"/>
						<line number="1034" hits="1"/>
						<line number="1036" hits="1"/>
						<line number="1040" hits="1"/>
						<line number="1043" hits="1" branch="true" condition-coverage="100% (2/2)"/>
						<line number="1044" hits="1"/>
						<line number="1045" hits="1"/>
						<line number="1048" hits="1"/>
						<line number="1049" hits="1" branch="true" condition-coverage="100% (2/2)"/>
						<line number="1050" hits="1"/>
						<line number="1062" hits="1" branch="true" condition-coverage="100% (2/2)"/>
						<line number="1064" hits="1"/>
						<line number="1075" hits="1"/>
						<line number="1077" hits="1"/>
						<line number="1081" hits="1"/>
						<line number="1084" hits="1" branch="true" condition-coverage="50% (1/2)" missing-branches="1097"/>
						<line number="1085" hits="1"/>
						<line number="1097" hits="0" branch="true" condition-coverage="0% (0/2)" missing-branches="1098,1109"/>
						<line number="1098" hits="0"/>
						<line number="1109" hits="1"/>
						<line number="1111" hits="1"/>
						<line number="1115" hits="1"/>
						<line number="1117" hits="1"/>
						<line number="1120" hits="1"/>
						<line number="1121" hits="1" branch="true" condition-coverage="50% (1/2)" missing-branches="1134"/>
						<line number="1122" hits="1"/>
						<line number="1134" hits="1"/>
						<line number="1135" hits="1" branch="true" condition-coverage="50% (1/2)" missing-branches="1148"/>
						<line number="1136" hits="1"/>
						<line number="1148" hits="1"/>
						<line number="1149" hits="1" branch="true" condition-coverage="100% (2/2)"/>
						<line number="1150" hits="1"/>
						<line number="1162" hits="1"/>
						<line number="1163" hits="1" branch="true" condition-coverage="100% (2/2)"/>
						<line number="1164" hits="1"/>
						<line number="1176" hits="1"/>
						<line number="1177" hits="1" branch="true" condition-coverage="100% (2/2)"/>
						<line number="1178" hits="1"/>
						<line number="1190" hits="1"/>
						<line number="1191" hits="1" branch="true" condition-coverage="50% (1/2)" missing-branches="1192"/>
						<line number="1192" hits="0" branch="true" condition-coverage="0% (0/2)" missing-branches="1193,1208"/>
						<line number="1193" hits="0" branch="true" condition-coverage="0% (0/2)" missing-branches="1192,1194"/>
						<line number="1194" hits="0"/>
						<line number="1208" hits="1" branch="true" condition-coverage="50% (1/2)" missing-branches="1209"/>
						<line number="1209" hits="0"/>
						<line number="1210" hits="0"/>
						<line number="1212" hits="0" branch="true" condition-coverage="0% (0/2)" missing-branches="1213,1224"/>
						<line number="1213" hits="0"/>
						<line number="1224" hits="0" branch="true" condition-coverage="0% (0/2)" missing-branches="1225,1237"/>
						<line number="1225" hits="0"/>
						<line number="1237" hits="1"/>
						<line number="1238" hits="1" branch="true" condition-coverage="100% (2/2)"/>
						<line number="1239" hits="1"/>
						<line number="1242" hits="1"/>
						<line number="1243" hits="1" branch="true" condition-coverage="100% (2/2)"/>
						<line number="1244" hits="1"/>
						<line number="1256" hits="1"/>
						<line number="1257" hits="1" branch="true" condition-coverage="50% (1/2)" missing-branches="1258"/>
						<line number="1258" hits="0"/>
						<line number="1270" hits="1"/>
						<line number="1271" hits="1" branch="true" condition-coverage="100% (2/2)"/>
						<line number="1272" hits="1" branch="true" condition-coverage="50% (1/2)" missing-branches="1284"/>
						<line number="1273" hits="1"/>
						<line number="1284" hits="1" branch="true" condition-coverage="50% (1/2)" missing-branches="1297"/>
						<line number="1285" hits="1"/>
						<line number="1297" hits="1"/>
						<line number="1298" hits="1" branch="true" condition-coverage="100% (2/2)"/>
						<line number="1299" hits="1" branch="true" condition-coverage="50% (1/2)" missing-branches="1238"/>
						<line number="1300" hits="1"/>
						<line number="1312" hits="1"/>
						<line number="1313" hits="1" branch="true" condition-coverage="50% (1/2)" missing-branches="1314"/>
						<line number="1314" hits="0" branch="true" condition-coverage="0% (0/2)" missing-branches="1313,1317"/>
						<line number="1317" hits="0"/>
						<line number="1328" hits="1"/>
						<line number="1330" hits="1"/>
						<line number="1334" hits="0"/>
						<line number="1337" hits="0"/>
						<line number="1338" hits="0" branch="true" condition-coverage="0% (0/2)" missing-branches="1339,1354"/>
						<line number="1339" hits="0"/>
						<line number="1340" hits="0" branch="true" condition-coverage="0% (0/2)" missing-branches="1338,1342"/>
						<line number="1342" hits="0"/>
						<line number="1343" hits="0"/>
						<line number="1354" hits="0"/>
						<line number="1356" hits="1"/>
						<line number="1365" hits="1"/>
						<line number="1368" hits="1"/>
						<line number="1369" hits="1" branch="true" condition-coverage="50% (1/2)" missing-branches="1382"/>
						<line number="1370" hits="1"/>
						<line number="1382" hits="1"/>
						<line number="1383" hits="1" branch="true" condition-coverage="100% (2/2)"/>
						<line number="1384" hits="1"/>
						<line number="1398" hits="1" branch="true" condition-coverage="50% (1/2)" missing-branches="1422"/>
						<line number="1399" hits="1"/>
						<line number="1407" hits="1" branch="true" condition-coverage="100% (2/2)"/>
						<line number="1408" hits="1"/>
						<line number="1422" hits="1" branch="true" condition-coverage="50% (1/2)" missing-branches="1435"/>
						<line number="1423" hits="1"/>
						<line number="1435" hits="1" branch="true" condition-coverage="100% (2/2)"/>
						<line number="1436" hits="1"/>
						<line number="1450" hits="1" branch="true" condition-coverage="50% (1/2)" missing-branches="1463"/>
						<line number="1451" hits="1"/>
						<line number="1463" hits="1"/>
						<line number="1464" hits="1"/>
						<line number="1465" hits="1"/>
						<line number="1467" hits="1" branch="true" condition-coverage="50% (1/2)" missing-branches="1481"/>
						<line number="1468" hits="1"/>
						<line number="1481" hits="1" branch="true" condition-coverage="50% (1/2)" missing-branches="1496"/>
						<line number="1482" hits="1"/>
						<line number="1496" hits="1"/>
						<line number="1497" hits="1"/>
						<line number="1500" hits="1"/>
						<line number="1509" hits="1" branch="true" condition-coverage="50% (1/2)" missing-branches="1522"/>
						<line number="1510" hits="1"/>
						<line number="1522" hits="1"/>
						<line number="1523" hits="1" branch="true" condition-coverage="100% (2/2)"/>
						<line number="1524" hits="1"/>
						<line number="1525" hits="1" branch="true" condition-coverage="50% (1/2)" missing-branches="1523"/>
						<line number="1526" hits="1"/>
						<line number="1540" hits="1"/>
						<line number="1541" hits="1" branch="true" condition-coverage="50% (1/2)" missing-branches="1554"/>
						<line number="1542" hits="1"/>
						<line number="1554" hits="1" branch="true" condition-coverage="100% (2/2)"/>
						<line number="1555" hits="1"/>
						<line number="1567" hits="1"/>
						<line number="1568" hits="1" branch="true" condition-coverage="100% (2/2)"/>
						<line number="1570" hits="1"/>
						<line number="1571" hits="1"/>
						<line number="1573" hits="1"/>
						<line number="1574" hits="1" branch="true" condition-coverage="100% (2/2)"/>
						<line number="1575" hits="1" branch="true" condition-coverage="50% (1/2)" missing-branches="1574"/>
						<line number="1576" hits="1"/>
						<line number="1590" hits="1" branch="true" condition-coverage="50% (1/2)" missing-branches="1605"/>
						<line number="1591" hits="1"/>
						<line number="1605" hits="1"/>
						<line number="1606" hits="1" branch="true" condition-coverage="100% (2/2)"/>
						<line number="1607" hits="1"/>
						<line number="1608" hits="1" branch="true" condition-coverage="50% (1/2)" missing-branches="1606"/>
						<line number="1609" hits="1"/>
						<line number="1623" hits="1"/>
						<line number="1624" hits="1" branch="true" condition-coverage="100% (2/2)"/>
						<line number="1625" hits="1"/>
						<line number="1639" hits="1"/>
						<line number="1640" hits="1"/>
						<line number="1644" hits="1" branch="true" condition-coverage="50% (1/2)" missing-branches="1657"/>
						<line number="1645" hits="1"/>
						<line number="1657" hits="1"/>
						<line number="1664" hits="1"/>
						<line number="1670" hits="1"/>
						<line number="1672" hits="1"/>
						<line number="1676" hits="1"/>
						<line number="1679" hits="1"/>
						<line number="1680" hits="1"/>
						<line number="1682" hits="1" branch="true" condition-coverage="100% (2/2)"/>
						<line number="1684" hits="1" branch="true" condition-coverage="50% (1/2)" missing-branches="1682"/>
						<line number="1685" hits="1"/>
						<line number="1696" hits="1"/>
						<line number="1698" hits="1"/>
						<line number="1707" hits="0"/>
						<line number="1710" hits="0"/>
						<line number="1711" hits="0"/>
						<line number="1714" hits="0" branch="true" condition-coverage="0% (0/2)" missing-branches="1715,1727"/>
						<line number="1715" hits="0"/>
						<line number="1727" hits="0" branch="true" condition-coverage="0% (0/2)" missing-branches="1728,1740"/>
						<line number="1728" hits="0"/>
						<line number="1740" hits="0" branch="true" condition-coverage="0% (0/2)" missing-branches="1741,1755"/>
						<line number="1741" hits="0"/>
						<line number="1743" hits="0" branch="true" condition-coverage="0% (0/2)" missing-branches="1744,1755"/>
						<line number="1744" hits="0"/>
						<line number="1755" hits="0"/>
						<line number="1757" hits="1"/>
						<line number="1761" hits="1"/>
						<line number="1766" hits="1"/>
						<line number="1768" hits="1"/>
						<line number="1772" hits="1"/>
						<line number="1774" hits="1" branch="true" condition-coverage="100% (2/2)"/>
						<line number="1775" hits="1"/>
						<line number="1778" hits="1"/>
						<line number="1779" hits="1" branch="true" condition-coverage="50% (1/2)" missing-branches="1780"/>
						<line number="1780" hits="0"/>
						<line number="1781" hits="0"/>
						<line number="1783" hits="0" branch="true" condition-coverage="0% (0/2)" missing-branches="1779,1787"/>
						<line number="1787" hits="0" branch="true" condition-coverage="0% (0/2)" missing-branches="1779,1792"/>
						<line number="1792" hits="0"/>
						<line number="1806" hits="1"/>
						<line number="1807" hits="1" branch="true" condition-coverage="50% (1/2)" missing-branches="1809"/>
						<line number="1809" hits="0"/>
						<line number="1817" hits="0" branch="true" condition-coverage="0% (0/2)" missing-branches="1818,1832"/>
						<line number="1818" hits="0"/>
						<line number="1832" hits="1" branch="true" condition-coverage="50% (1/2)" missing-branches="1774"/>
						<line number="1833" hits="1" branch="true" condition-coverage="100% (2/2)"/>
						<line number="1834" hits="1"/>
						<line number="1837" hits="1" branch="true" condition-coverage="50% (1/2)" missing-branches="1833"/>
						<line number="1838" hits="1"/>
						<line number="1839" hits="1" branch="true" condition-coverage="50% (1/2)" missing-branches="1833"/>
						<line number="1843" hits="1"/>
						<line number="1856" hits="1"/>
						<line number="1858" hits="1"/>
						<line number="1867" hits="0"/>
						<line number="1870" hits="0"/>
						<line number="1874" hits="0"/>
						<line number="1880" hits="0" branch="true" condition-coverage="0% (0/2)" missing-branches="1881,1892"/>
						<line number="1881" hits="0"/>
						<line number="1892" hits="0"/>
						<line number="1894" hits="1"/>
						<line number="1898" hits="1"/>
						<line number="1901" hits="1"/>
						<line number="1904" hits="1" branch="true" condition-coverage="50% (1/2)" missing-branches="1905"/>
						<line number="1905" hits="0"/>
						<line number="1908" hits="1"/>
						<line number="1910" hits="1" branch="true" condition-coverage="100% (2/2)"/>
						<line number="1911" hits="1" branch="true" condition-coverage="50% (1/2)" missing-branches="1912"/>
						<line number="1912" hits="0"/>
						<line number="1914" hits="1"/>
						<line number="1917" hits="1" branch="true" condition-coverage="50% (1/2)" missing-branches="1910"/>
						<line number="1918" hits="1"/>
						<line number="1930" hits="1"/>
						<line number="1933" hits="1" branch="true" condition-coverage="50% (1/2)" missing-branches="1934"/>
						<line number="1934" hits="0"/>
						<line number="1937" hits="1"/>
						<line number="1943" hits="1" branch="true" condition-coverage="100% (2/2)"/>
						<line number="1944" hits="1" branch="true" condition-coverage="50% (1/2)" missing-branches="1945"/>
						<line number="1945" hits="0"/>
						<line number="1947" hits="1"/>
						<line number="1948" hits="1"/>
						<line number="1950" hits="1" branch="true" condition-coverage="100% (2/2)"/>
						<line number="1952" hits="1"/>
						<line number="1953" hits="1" branch="true" condition-coverage="100% (2/2)"/>
						<line number="1954" hits="1"/>
						<line number="1955" hits="1" branch="true" condition-coverage="50% (1/2)" missing-branches="1953"/>
						<line number="1956" hits="1"/>
						<line number="1957" hits="1"/>
						<line number="1959" hits="1" branch="true" condition-coverage="50% (1/2)" missing-branches="1970"/>
						<line number="1960" hits="1"/>
						<line number="1970" hits="0" branch="true" condition-coverage="0% (0/2)" missing-branches="1971,1981"/>
						<line number="1971" hits="0"/>
						<line number="1981" hits="0" branch="true" condition-coverage="0% (0/2)" missing-branches="1953,1982"/>
						<line number="1982" hits="0"/>
						<line number="1994" hits="1"/>
						<line number="1997" hits="1" branch="true" condition-coverage="50% (1/2)" missing-branches="1998"/>
						<line number="1998" hits="0"/>
						<line number="2001" hits="1"/>
						<line number="2003" hits="1" branch="true" condition-coverage="100% (2/2)"/>
						<line number="2004" hits="1" branch="true" condition-coverage="50% (1/2)" missing-branches="2005"/>
						<line number="2005" hits="0"/>
						<line number="2007" hits="1"/>
						<line number="2008" hits="1" branch="true" condition-coverage="50% (1/2)" missing-branches="2003"/>
						<line number="2009" hits="1"/>
						<line number="2020" hits="1"/>
						<line number="2022" hits="1"/>
						<line number="2026" hits="1"/>
						<line number="2028" hits="1"/>
						<line number="2031" hits="1"/>
						<line number="2032" hits="1" branch="true" condition-coverage="50% (1/2)" missing-branches="2044"/>
						<line number="2033" hits="1"/>
						<line number="2044" hits="1"/>
						<line number="2046" hits="1"/>
						<line number="2050" hits="1"/>
						<line number="2052" hits="1"/>
						<line number="2055" hits="1" branch="true" condition-coverage="50% (1/2)" missing-branches="2059"/>
						<line number="2056" hits="1"/>
						<line number="2059" hits="0"/>
						<line number="2061" hits="1" branch="true" condition-coverage="100% (2/2)"/>
						<line number="2062" hits="1" branch="true" condition-coverage="50% (1/2)" missing-branches="2063"/>
						<line number="2063" hits="0"/>
						<line number="2065" hits="1"/>
						<line number="2069" hits="1"/>
						<line number="2083" hits="1"/>
						<line number="2085" hits="1"/>
						<line number="2089" hits="1"/>
						<line number="2091" hits="1"/>
						<line number="2094" hits="1" branch="true" condition-coverage="50% (1/2)" missing-branches="2097"/>
						<line number="2095" hits="1"/>
						<line number="2097" hits="0"/>
						<line number="2101" hits="1" branch="true" condition-coverage="100% (2/2)"/>
						<line number="2102" hits="1" branch="true" condition-coverage="50% (1/2)" missing-branches="2103"/>
						<line number="2103" hits="0"/>
						<line number="2105" hits="1"/>
						<line number="2106" hits="1"/>
						<line number="2109" hits="1" branch="true" condition-coverage="50% (1/2)" missing-branches="2110"/>
						<line number="2110" hits="0"/>
						<line number="2111" hits="0"/>
						<line number="2114" hits="0" branch="true" condition-coverage="0% (0/2)" missing-branches="2109,2116"/>
						<line number="2116" hits="0"/>
						<line number="2127" hits="1"/>
						<line number="2129" hits="1"/>
						<line number="2133" hits="1"/>
						<line number="2135" hits="1"/>
						<line number="2138" hits="1" branch="true" condition-coverage="50% (1/2)" missing-branches="2141"/>
						<line number="2139" hits="1"/>
						<line number="2141" hits="0"/>
						<line number="2147" hits="1" branch="true" condition-coverage="100% (2/2)"/>
						<line number="2148" hits="1" branch="true" condition-coverage="50% (1/2)" missing-branches="2149"/>
						<line number="2149" hits="0"/>
						<line number="2151" hits="1"/>
						<line number="2152" hits="1"/>
						<line number="2155" hits="1" branch="true" condition-coverage="50% (1/2)" missing-branches="2156"/>
						<line number="2156" hits="0" branch="true" condition-coverage="0% (0/2)" missing-branches="2155,2157"/>
						<line number="2157" hits="0"/>
						<line number="2158" hits="0"/>
						<line number="2169" hits="1"/>
						<line number="2171" hits="1"/>
						<line number="2175" hits="1"/>
						<line number="2177" hits="1"/>
						<line number="2180" hits="1" branch="true" condition-coverage="50% (1/2)" missing-branches="2184"/>
						<line number="2181" hits="1"/>
						<line number="2184" hits="0"/>
						<line number="2188" hits="1" branch="true" condition-coverage="100% (2/2)"/>
						<line number="2189" hits="1" branch="true" condition-coverage="50% (1/2)" missing-branches="2190"/>
						<line number="2190" hits="0"/>
						<line number="2192" hits="1"/>
						<line number="2195" hits="1"/>
						<line number="2196" hits="1" branch="true" condition-coverage="50% (1/2)" missing-branches="2209"/>
						<line number="2197" hits="1"/>
						<line number="2209" hits="1"/>
						<line number="2210" hits="1" branch="true" condition-coverage="50% (1/2)" missing-branches="2223"/>
						<line number="2211" hits="1"/>
						<line number="2223" hits="1"/>
						<line number="2224" hits="1" branch="true" condition-coverage="50% (1/2)" missing-branches="2230"/>
						<line number="2225" hits="1" branch="true" condition-coverage="100% (2/2)"/>
						<line number="2226" hits="1" branch="true" condition-coverage="50% (1/2)" missing-branches="2227"/>
						<line number="2227" hits="0"/>
						<line number="2228" hits="0"/>
						<line number="2230" hits="1" branch="true" condition-coverage="50% (1/2)" missing-branches="2188"/>
						<line number="2231" hits="1"/>
						<line number="2248" hits="1"/>
						<line number="2250" hits="1"/>
						<line number="2254" hits="1"/>
						<line number="2261" hits="1"/>
						<line number="2262" hits="1" branch="true" condition-coverage="100% (2/2)"/>
						<line number="2264" hits="1"/>
						<line number="2269" hits="1" branch="true" condition-coverage="50% (1/2)" missing-branches="2281"/>
						<line number="2270" hits="1"/>
						<line number="2281" hits="1"/>
						<line number="2283" hits="1"/>
						<line number="2287" hits="1"/>
						<line number="2289" hits="1"/>
						<line number="2290" hits="1"/>
						<line number="2293" hits="1"/>
						<line number="2294" hits="1" branch="true" condition-coverage="100% (2/2)"/>
						<line number="2295" hits="1" branch="true" condition-coverage="50% (1/2)" missing-branches="2294"/>
						<line number="2300" hits="1"/>
						<line number="2301" hits="1"/>
						<line number="2303" hits="1" branch="true" condition-coverage="100% (2/2)"/>
						<line number="2305" hits="1" branch="true" condition-coverage="50% (1/2)" missing-branches="2311"/>
						<line number="2306" hits="1"/>
						<line number="2311" hits="1" branch="true" condition-coverage="50% (1/2)" missing-branches="2312"/>
						<line number="2312" hits="0"/>
						<line number="2317" hits="1" branch="true" condition-coverage="50% (1/2)" missing-branches="2318"/>
						<line number="2318" hits="0"/>
						<line number="2323" hits="1"/>
						<line number="2325" hits="1"/>
						<line number="2329" hits="1"/>
						<line number="2332" hits="1"/>
						<line number="2333" hits="1" branch="true" condition-coverage="100% (2/2)"/>
						<line number="2334" hits="1"/>
						<line number="2335" hits="1"/>
						<line number="2336" hits="1" branch="true" condition-coverage="100% (2/2)"/>
						<line number="2338" hits="1"/>
						<line number="2339" hits="1" branch="true" condition-coverage="100% (2/2)"/>
						<line number="2340" hits="1"/>
						<line number="2341" hits="1"/>
						<line number="2343" hits="1" branch="true" condition-coverage="50% (1/2)" missing-branches="2339"/>
						<line number="2349" hits="1"/>
						<line number="2363" hits="1"/>
						<line number="2364" hits="1"/>
						<line number="2366" hits="1" branch="true" condition-coverage="100% (2/2)"/>
						<line number="2367" hits="1"/>
						<line number="2368" hits="1"/>
						<line number="2370" hits="1" branch="true" condition-coverage="50% (1/2)" missing-branches="2366"/>
						<line number="2371" hits="1"/>
						<line number="2382" hits="1"/>
						<line number="2384" hits="1"/>
						<line number="2388" hits="1"/>
						<line number="2391" hits="1"/>
						<line number="2392" hits="1"/>
						<line number="2396" hits="1" branch="true" condition-coverage="50% (1/2)" missing-branches="2397"/>
						<line number="2397" hits="0"/>
						<line number="2409" hits="1"/>
						<line number="2414" hits="1" branch="true" condition-coverage="50% (1/2)" missing-branches="2426"/>
						<line number="2415" hits="1"/>
						<line number="2426" hits="1"/>
						<line number="2428" hits="1"/>
						<line number="2432" hits="1"/>
						<line number="2435" hits="1"/>
						<line number="2436" hits="1" branch="true" condition-coverage="100% (2/2)"/>
						<line number="2437" hits="1"/>
						<line number="2438" hits="1"/>
						<line number="2441" hits="1" branch="true" condition-coverage="50% (1/2)" missing-branches="2436"/>
						<line number="2442" hits="1"/>
						<line number="2454" hits="1"/>
						<line number="2455" hits="1"/>
						<line number="2459" hits="1" branch="true" condition-coverage="50% (1/2)" missing-branches="2471"/>
						<line number="2460" hits="1"/>
						<line number="2471" hits="1"/>
						<line number="2473" hits="1"/>
						<line number="2477" hits="1"/>
						<line number="2480" hits="1"/>
						<line number="2481" hits="1" branch="true" condition-coverage="50% (1/2)" missing-branches="2496"/>
						<line number="2483" hits="1"/>
						<line number="2484" hits="1" branch="true" condition-coverage="50% (1/2)" missing-branches="2496"/>
						<line number="2485" hits="1"/>
						<line number="2496" hits="1"/>
						<line number="2498" hits="1"/>
						<line number="2502" hits="1"/>
						<line number="2504" hits="1"/>
						<line number="2507" hits="1"/>
						<line number="2508" hits="1"/>
						<line number="2511" hits="1"/>
						<line number="2512" hits="1" branch="true" condition-coverage="50% (1/2)" missing-branches="2525"/>
						<line number="2513" hits="1" branch="true" condition-coverage="50% (1/2)" missing-branches="2525"/>
						<line number="2514" hits="1"/>
						<line number="2525" hits="1"/>
						<line number="2527" hits="1"/>
						<line number="2536" hits="1"/>
						<line number="2540" hits="1"/>
						<line number="2542" hits="1"/>
						<line number="2551" hits="0"/>
						<line number="2553" hits="0"/>
						<line number="2556" hits="0" branch="true" condition-coverage="0% (0/2)" missing-branches="2557,2570"/>
						<line number="2557" hits="0"/>
						<line number="2567" hits="0"/>
						<line number="2570" hits="0"/>
						<line number="2577" hits="0" branch="true" condition-coverage="0% (0/2)" missing-branches="2579,2591"/>
						<line number="2579" hits="0"/>
						<line number="2591" hits="0" branch="true" condition-coverage="0% (0/2)" missing-branches="2595,2607"/>
						<line number="2595" hits="0"/>
						<line number="2607" hits="0"/>
						<line number="2615" hits="0" branch="true" condition-coverage="0% (0/2)" missing-branches="2616,2629"/>
						<line number="2616" hits="0"/>
						<line number="2629" hits="0" branch="true" condition-coverage="0% (0/2)" missing-branches="2630,2641"/>
						<line number="2630" hits="0"/>
						<line number="2641" hits="0"/>
						<line number="2643" hits="1"/>
						<line number="2652" hits="1"/>
						<line number="2655" hits="1"/>
						<line number="2657" hits="1" branch="true" condition-coverage="100% (2/2)"/>
						<line number="2659" hits="1"/>
						<line number="2660" hits="1"/>
						<line number="2663" hits="1"/>
						<line number="2672" hits="1" branch="true" condition-coverage="100% (2/2)"/>
						<line number="2673" hits="1" branch="true" condition-coverage="100% (2/2)"/>
						<line number="2674" hits="1"/>
						<line number="2690" hits="1" branch="true" condition-coverage="100% (2/2)"/>
						<line number="2691" hits="1"/>
						<line number="2716" hits="1" branch="true" condition-coverage="100% (2/2)"/>
						<line number="2717" hits="1"/>
						<line number="2739" hits="1" branch="true" condition-coverage="100% (2/2)"/>
						<line number="2740" hits="1"/>
						<line number="2766" hits="1"/>
						<line number="2788" hits="1"/>
						<line number="2790" hits="1"/>
						<line number="2799" hits="1"/>
						<line number="2801" hits="1"/>
						<line number="2804" hits="1"/>
						<line number="2811" hits="1" branch="true" condition-coverage="100% (2/2)"/>
						<line number="2812" hits="1"/>
						<line number="2815" hits="1"/>
						<line number="2816" hits="1" branch="true" condition-coverage="50% (1/2)" missing-branches="2992"/>
						<line number="2817" hits="1"/>
						<line number="2818" hits="1"/>
						<line number="2821" hits="1"/>
						<line number="2823" hits="1"/>
						<line number="2825" hits="1"/>
						<line number="2829" hits="1"/>
						<line number="2830" hits="1" branch="true" condition-coverage="50% (1/2)" missing-branches="2992"/>
						<line number="2831" hits="1"/>
						<line number="2832" hits="1"/>
						<line number="2833" hits="1"/>
						<line number="2835" hits="1" branch="true" condition-coverage="100% (2/2)"/>
						<line number="2836" hits="1"/>
						<line number="2859" hits="1"/>
						<line number="2860" hits="1"/>
						<line number="2864" hits="1"/>
						<line number="2865" hits="1"/>
						<line number="2867" hits="1"/>
						<line number="2868" hits="1"/>
						<line number="2869" hits="1"/>
						<line number="2871" hits="1" branch="true" condition-coverage="50% (1/2)" missing-branches="2896"/>
						<line number="2872" hits="1"/>
						<line number="2896" hits="1" branch="true" condition-coverage="50% (1/2)" missing-branches="2921"/>
						<line number="2897" hits="1"/>
						<line number="2921" hits="1" branch="true" condition-coverage="50% (1/2)" missing-branches="2992"/>
						<line number="2922" hits="1"/>
						<line number="2943" hits="1"/>
						<line number="2945" hits="1"/>
						<line number="2966" hits="0"/>
						<line number="2967" hits="0"/>
						<line number="2969" hits="0"/>
						<line number="2970" hits="0"/>
						<line number="2973" hits="1"/>
						<line number="2992" hits="1"/>
						<line number="2994" hits="1"/>
						<line number="3002" hits="1"/>
						<line number="3005" hits="1"/>
						<line number="3007" hits="1" branch="true" condition-coverage="100% (2/2)"/>
						<line number="3009" hits="1"/>
						<line number="3010" hits="1" branch="true" condition-coverage="100% (2/2)"/>
						<line number="3011" hits="1"/>
						<line number="3034" hits="1"/>
						<line number="3035" hits="1" branch="true" condition-coverage="100% (2/2)"/>
						<line number="3036" hits="1"/>
						<line number="3037" hits="1" branch="true" condition-coverage="100% (2/2)"/>
						<line number="3038" hits="1"/>
						<line number="3039" hits="1" branch="true" condition-coverage="50% (1/2)" missing-branches="3037"/>
						<line number="3040" hits="1"/>
						<line number="3064" hits="1"/>
						<line number="3084" hits="1"/>
						<line number="3085" hits="1" branch="true" condition-coverage="100% (2/2)"/>
						<line number="3087" hits="1"/>
						<line number="3090" hits="1"/>
						<line number="3091" hits="1"/>
						<line number="3092" hits="1" branch="true" condition-coverage="100% (2/2)"/>
						<line number="3093" hits="1" branch="true" condition-coverage="50% (1/2)" missing-branches="3094"/>
						<line number="3094" hits="0"/>
						<line number="3095" hits="1" branch="true" condition-coverage="50% (1/2)" missing-branches="3096"/>
						<line number="3096" hits="0"/>
						<line number="3098" hits="1" branch="true" condition-coverage="50% (1/2)" missing-branches="3119"/>
						<line number="3099" hits="1"/>
						<line number="3119" hits="1" branch="true" condition-coverage="50% (1/2)" missing-branches="3120"/>
						<line number="3120" hits="0"/>
						<line number="3140" hits="1"/>
						<line number="3143" hits="1"/>
						<line number="3146" hits="1"/>
						<line number="3150" hits="1"/>
						<line number="3152" hits="1"/>
						<line number="3160" hits="1"/>
						<line number="3163" hits="1"/>
						<line number="3164" hits="1"/>
						<line number="3166" hits="1" branch="true" condition-coverage="100% (2/2)"/>
						<line number="3167" hits="1"/>
						<line number="3168" hits="1" branch="true" condition-coverage="100% (2/2)"/>
						<line number="3169" hits="1"/>
						<line number="3189" hits="1"/>
						<line number="3208" hits="1"/>
						<line number="3210" hits="1"/>
						<line number="3218" hits="1"/>
						<line number="3221" hits="1"/>
						<line number="3222" hits="1" branch="true" condition-coverage="50% (1/2)" missing-branches="3223"/>
						<line number="3223" hits="0" branch="true" condition-coverage="0% (0/2)" missing-branches="3224,3265"/>
						<line number="3224" hits="0"/>
						<line number="3225" hits="0" branch="true" condition-coverage="0% (0/2)" missing-branches="3223,3226"/>
						<line number="3226" hits="0"/>
						<line number="3246" hits="1"/>
						<line number="3265" hits="1"/>
						<line number="3267" hits="1"/>
						<line number="3275" hits="1"/>
						<line number="3278" hits="1"/>
						<line number="3279" hits="1"/>
						<line number="3281" hits="1" branch="true" condition-coverage="100% (2/2)"/>
						<line number="3282" hits="1"/>
						<line number="3283" hits="1" branch="true" condition-coverage="100% (2/2)"/>
						<line number="3284" hits="1"/>
						<line number="3303" hits="1"/>
						<line number="3305" hits="1"/>
						<line number="3314" hits="1"/>
						<line number="3316" hits="1"/>
						<line number="3319" hits="1"/>
						<line number="3326" hits="1" branch="true" condition-coverage="100% (2/2)"/>
						<line number="3328" hits="1"/>
						<line number="3352" hits="1"/>
						<line number="3376" hits="1"/>
						<line number="3400" hits="1"/>
						<line number="3421" hits="1"/>
						<line number="3441" hits="1"/>
						<line number="3461" hits="1" branch="true" condition-coverage="100% (2/2)"/>
						<line number="3462" hits="1"/>
						<line number="3482" hits="1" branch="true" condition-coverage="100% (2/2)"/>
						<line number="3483" hits="1"/>
						<line number="3502" hits="1"/>
						<line number="3504" hits="1"/>
						<line number="3513" hits="1"/>
						<line number="3516" hits="1"/>
						<line number="3517" hits="1" branch="true" condition-coverage="100% (2/2)"/>
						<line number="3519" hits="1"/>
						<line number="3520" hits="1"/>
						<line number="3524" hits="1" branch="true" condition-coverage="100% (2/2)"/>
						<line number="3525" hits="1"/>
						<line number="3545" hits="1" branch="true" condition-coverage="100% (2/2)"/>
						<line number="3546" hits="1"/>
						<line number="3566" hits="1"/>
						<line number="3567" hits="1"/>
						<line number="3569" hits="1" branch="true" condition-coverage="100% (2/2)"/>
						<line number="3571" hits="1"/>
						<line number="3572" hits="1" branch="true" condition-coverage="50% (1/2)" missing-branches="3593"/>
						<line number="3573" hits="1"/>
						<line number="3593" hits="1"/>
						<line number="3594" hits="1" branch="true" condition-coverage="100% (2/2)"/>
						<line number="3595" hits="1" branch="true" condition-coverage="50% (1/2)" missing-branches="3594"/>
						<line number="3596" hits="1"/>
						<line number="3617" hits="1"/>
						<line number="3618" hits="1"/>
						<line number="3619" hits="1" branch="true" condition-coverage="50% (1/2)" missing-branches="3621"/>
						<line number="3621" hits="0"/>
						<line number="3640" hits="1"/>
						<line number="3642" hits="1"/>
						<line number="3651" hits="1"/>
						<line number="3654" hits="1"/>
						<line number="3655" hits="1" branch="true" condition-coverage="50% (1/2)" missing-branches="3677"/>
						<line number="3657" hits="1"/>
						<line number="3677" hits="1"/>
						<line number="3678" hits="1" branch="true" condition-coverage="50% (1/2)" missing-branches="3700"/>
						<line number="3680" hits="1"/>
						<line number="3700" hits="1"/>
						<line number="3701" hits="1" branch="true" condition-coverage="100% (2/2)"/>
						<line number="3702" hits="1"/>
						<line number="3721" hits="1"/>
						<line number="3723" hits="1"/>
						<line number="3731" hits="1"/>
						<line number="3733" hits="1"/>
						<line number="3735" hits="1" branch="true" condition-coverage="100% (2/2)"/>
						<line number="3736" hits="1"/>
						<line number="3739" hits="1"/>
						<line number="3740" hits="1" branch="true" condition-coverage="100% (2/2)"/>
						<line number="3742" hits="1"/>
						<line number="3743" hits="1" branch="true" condition-coverage="50% (1/2)" missing-branches="3764"/>
						<line number="3744" hits="1"/>
						<line number="3764" hits="1"/>
						<line number="3765" hits="1" branch="true" condition-coverage="50% (1/2)" missing-branches="3786"/>
						<line number="3766" hits="1"/>
						<line number="3786" hits="1"/>
						<line number="3806" hits="1"/>
						<line number="3807" hits="1" branch="true" condition-coverage="50% (1/2)" missing-branches="3808"/>
						<line number="3808" hits="0"/>
						<line number="3828" hits="1"/>
						<line number="3829" hits="1" branch="true" condition-coverage="100% (2/2)"/>
						<line number="3831" hits="1"/>
						<line number="3851" hits="1"/>
						<line number="3871" hits="1" branch="true" condition-coverage="100% (2/2)"/>
						<line number="3872" hits="1"/>
						<line number="3873" hits="1"/>
						<line number="3876" hits="1"/>
						<line number="3877" hits="1" branch="true" condition-coverage="100% (2/2)"/>
						<line number="3878" hits="1"/>
						<line number="3879" hits="1" branch="true" condition-coverage="50% (1/2)" missing-branches="3902"/>
						<line number="3880" hits="1"/>
						<line number="3902" hits="1"/>
						<line number="3903" hits="1" branch="true" condition-coverage="50% (1/2)" missing-branches="3904"/>
						<line number="3904" hits="0"/>
						<line number="3926" hits="1"/>
						<line number="3927" hits="1" branch="true" condition-coverage="50% (1/2)" missing-branches="3871"/>
						<line number="3929" hits="1"/>
						<line number="3951" hits="1" branch="true" condition-coverage="50% (1/2)" missing-branches="3952"/>
						<line number="3952" hits="0"/>
						<line number="3973" hits="1"/>
						<line number="3975" hits="1"/>
						<line number="3983" hits="1"/>
						<line number="3985" hits="1"/>
						<line number="3986" hits="1" branch="true" condition-coverage="100% (2/2)"/>
						<line number="3987" hits="1"/>
						<line number="3990" hits="1"/>
						<line number="3993" hits="1"/>
						<line number="4013" hits="1" branch="true" condition-coverage="100% (2/2)"/>
						<line number="4014" hits="1"/>
						<line number="4034" hits="1" branch="true" condition-coverage="100% (2/2)"/>
						<line number="4035" hits="1"/>
						<line number="4055" hits="1" branch="true" condition-coverage="50% (1/2)" missing-branches="4076"/>
						<line number="4056" hits="1"/>
						<line number="4076" hits="1" branch="true" condition-coverage="50% (1/2)" missing-branches="4097"/>
						<line number="4077" hits="1"/>
						<line number="4097" hits="1" branch="true" condition-coverage="50% (1/2)" missing-branches="4118"/>
						<line number="4098" hits="1"/>
						<line number="4118" hits="1"/>
						<line number="4137" hits="1"/>
						<line number="4139" hits="1"/>
						<line number="4141" hits="1"/>
						<line number="4144" hits="1"/>
						<line number="4148" hits="1"/>
						<line number="4152" hits="1"/>
						<line number="4156" hits="1"/>
						<line number="4162" hits="1"/>
						<line number="4166" hits="1"/>
						<line number="4168" hits="1"/>
						<line number="4170" hits="1"/>
						<line number="4182" hits="1"/>
						<line number="4187" hits="1"/>
						<line number="4189" hits="1"/>
						<line number="4201" hits="1"/>
						<line number="4206" hits="1"/>
						<line number="4208" hits="1"/>
						<line number="4260" hits="1"/>
						<line number="4271" hits="1"/>
						<line number="4289" hits="1"/>
						<line number="4292" hits="1"/>
						<line number="4293" hits="1"/>
						<line number="4295" hits="1" branch="true" condition-coverage="50% (1/2)" missing-branches="4308"/>
						<line number="4297" hits="1" branch="true" condition-coverage="50% (1/2)" missing-branches="4298"/>
						<line number="4298" hits="0"/>
						<line number="4299" hits="1" branch="true" condition-coverage="50% (1/2)" missing-branches="4300"/>
						<line number="4300" hits="0"/>
						<line number="4302" hits="1" branch="true" condition-coverage="50% (1/2)" missing-branches="4303"/>
						<line number="4303" hits="0"/>
						<line number="4304" hits="1" branch="true" condition-coverage="50% (1/2)" missing-branches="4305"/>
						<line number="4305" hits="0"/>
						<line number="4308" hits="1" branch="true" condition-coverage="50% (1/2)" missing-branches="4309"/>
						<line number="4309" hits="0"/>
						<line number="4310" hits="1" branch="true" condition-coverage="50% (1/2)" missing-branches="4311"/>
						<line number="4311" hits="0"/>
						<line number="4312" hits="1" branch="true" condition-coverage="100% (2/2)"/>
						<line number="4313" hits="1"/>
						<line number="4315" hits="1"/>
						<line number="4358" hits="1"/>
						<line number="4366" hits="1"/>
						<line number="4368" hits="1"/>
						<line number="4423" hits="1"/>
						<line number="4425" hits="1"/>
						<line number="4427" hits="1"/>
						<line number="4428" hits="1"/>
						<line number="4430" hits="1" branch="true" condition-coverage="100% (2/2)"/>
						<line number="4431" hits="1"/>
						<line number="4432" hits="1"/>
						<line number="4434" hits="1"/>
						<line number="4435" hits="1"/>
						<line number="4437" hits="1"/>
						<line number="4446" hits="1"/>
						<line number="4448" hits="1" branch="true" condition-coverage="100% (2/2)"/>
						<line number="4449" hits="1"/>
						<line number="4450" hits="1" branch="true" condition-coverage="50% (1/2)" missing-branches="4453"/>
						<line number="4451" hits="1"/>
						<line number="4453" hits="0"/>
						<line number="4455" hits="1"/>
						<line number="4457" hits="1"/>
						<line number="4463" hits="1" branch="true" condition-coverage="100% (2/2)"/>
						<line number="4464" hits="1"/>
						<line number="4465" hits="1"/>
						<line number="4466" hits="1"/>
						<line number="4469" hits="1" branch="true" condition-coverage="50% (1/2)" missing-branches="4473"/>
						<line number="4470" hits="1"/>
						<line number="4473" hits="1" branch="true" condition-coverage="50% (1/2)" missing-branches="4475"/>
						<line number="4474" hits="1"/>
						<line number="4475" hits="1"/>
						<line number="4478" hits="1"/>
						<line number="4479" hits="1" branch="true" condition-coverage="100% (2/2)"/>
						<line number="4480" hits="1"/>
						<line number="4481" hits="1"/>
						<line number="4483" hits="1"/>
						<line number="4485" hits="1"/>
[...]
						<line number="152" hits="1"/>
						<line number="153" hits="1"/>
						<line number="155" hits="1"/>
						<line number="157" hits="1"/>
						<line number="158" hits="1"/>
						<line number="160" hits="1"/>
						<line number="162" hits="1"/>
						<line number="163" hits="1"/>
						<line number="165" hits="1"/>
					</lines>
				</class>
				<class name="security_analysis.py" filename="awslabs/ecs_mcp_server/modules/security_analysis.py" complexity="0" line-rate="1" branch-rate="1">
					<methods/>
					<lines>
						<line number="20" hits="1"/>
						<line number="22" hits="1"/>
						<line number="24" hits="1"/>
						<line number="30" hits="1"/>
						<line number="38" hits="1" branch="true" condition-coverage="100% (2/2)"/>
						<line number="39" hits="1" branch="true" condition-coverage="100% (2/2)"/>
						<line number="41" hits="1"/>
						<line number="42" hits="1"/>
						<line number="43" hits="1"/>
						<line number="46" hits="1"/>
						<line number="52" hits="1"/>
						<line number="53" hits="1"/>
						<line number="54" hits="1"/>
						<line number="55" hits="1"/>
						<line number="57" hits="1"/>
						<line number="60" hits="1"/>
						<line number="63" hits="1"/>
						<line number="67" hits="1"/>
						<line number="214" hits="1" branch="true" condition-coverage="100% (2/2)"/>
						<line number="215" hits="1"/>
						<line number="217" hits="1"/>
						<line number="220" hits="1"/>
						<line number="302" hits="1"/>
					</lines>
				</class>
				<class name="troubleshooting.py" filename="awslabs/ecs_mcp_server/modules/troubleshooting.py" complexity="0" line-rate="0.8261" branch-rate="0.6667">
					<methods/>
					<lines>
						<line number="20" hits="1"/>
						<line number="22" hits="1"/>
						<line number="24" hits="1"/>
						<line number="30" hits="1"/>
						<line number="38" hits="1" branch="true" condition-coverage="100% (2/2)"/>
						<line number="39" hits="1" branch="true" condition-coverage="100% (2/2)"/>
						<line number="41" hits="1"/>
						<line number="42" hits="1"/>
						<line number="43" hits="0"/>
						<line number="46" hits="1"/>
						<line number="52" hits="1"/>
						<line number="53" hits="1"/>
						<line number="54" hits="1"/>
						<line number="55" hits="1"/>
						<line number="57" hits="1"/>
						<line number="60" hits="1"/>
						<line number="63" hits="1"/>
						<line number="67" hits="1"/>
						<line number="209" hits="0" branch="true" condition-coverage="0% (0/2)" missing-branches="210,212"/>
						<line number="210" hits="0"/>
						<line number="212" hits="0"/>
						<line number="215" hits="1"/>
						<line number="272" hits="1"/>
					</lines>
				</class>
			</classes>
		</package>
		<package name="awslabs.ecs_mcp_server.utils" line-rate="0.9812" branch-rate="0.9434" complexity="0">
			<classes>
				<class name="arn_parser.py" filename="awslabs/ecs_mcp_server/utils/arn_parser.py" complexity="0" line-rate="0.9796" branch-rate="0.9375">
					<methods/>
					<lines>
						<line number="21" hits="1"/>
						<line number="22" hits="1"/>
						<line number="25" hits="1"/>
						<line number="28" hits="1"/>
						<line number="29" hits="1"/>
						<line number="30" hits="1"/>
						<line number="31" hits="1"/>
						<line number="32" hits="1"/>
						<line number="33" hits="1"/>
						<line number="35" hits="1"/>
						<line number="36" hits="1"/>
						<line number="39" hits="1" branch="true" condition-coverage="100% (2/2)"/>
						<line number="40" hits="1"/>
						<line number="41" hits="1" branch="true" condition-coverage="100% (2/2)"/>
						<line number="42" hits="1"/>
						<line number="43" hits="1"/>
						<line number="46" hits="1"/>
						<line number="58" hits="1" branch="true" condition-coverage="100% (2/2)"/>
						<line number="59" hits="1"/>
						<line number="63" hits="1"/>
						<line number="64" hits="1"/>
						<line number="66" hits="1" branch="true" condition-coverage="100% (2/2)"/>
						<line number="67" hits="1"/>
						<line number="69" hits="1"/>
						<line number="72" hits="1"/>
						<line number="73" hits="1" branch="true" condition-coverage="100% (2/2)"/>
						<line number="74" hits="1"/>
						<line number="77" hits="1"/>
						<line number="78" hits="1" branch="true" condition-coverage="50% (1/2)" missing-branches="79"/>
						<line number="79" hits="0"/>
						<line number="81" hits="1"/>
						<line number="82" hits="1"/>
						<line number="84" hits="1"/>
						<line number="94" hits="1"/>
						<line number="96" hits="1"/>
						<line number="97" hits="1"/>
						<line number="100" hits="1"/>
						<line number="102" hits="1"/>
						<line number="103" hits="1"/>
						<line number="106" hits="1"/>
						<line number="111" hits="1"/>
						<line number="112" hits="1" branch="true" condition-coverage="100% (2/2)"/>
						<line number="113" hits="1"/>
						<line number="114" hits="1"/>
						<line number="117" hits="1"/>
						<line number="122" hits="1"/>
						<line number="123" hits="1" branch="true" condition-coverage="100% (2/2)"/>
						<line number="124" hits="1"/>
						<line number="125" hits="1"/>
					</lines>
				</class>
				<class name="aws.py" filename="awslabs/ecs_mcp_server/utils/aws.py" complexity="0" line-rate="1" branch-rate="1">
					<methods/>
					<lines>
						<line number="19" hits="1"/>
						<line number="20" hits="1"/>
						<line number="21" hits="1"/>
						<line number="23" hits="1"/>
						<line number="24" hits="1"/>
						<line number="25" hits="1"/>
						<line number="27" hits="1"/>
						<line number="29" hits="1"/>
						<line number="32" hits="1"/>
						<line number="39" hits="1"/>
						<line number="43" hits="1"/>
						<line number="46" hits="1"/>
						<line number="60" hits="1" branch="true" condition-coverage="100% (2/2)"/>
						<line number="61" hits="1"/>
						<line number="64" hits="1"/>
						<line number="65" hits="1"/>
						<line number="66" hits="1"/>
						<line number="68" hits="1"/>
						<line number="71" hits="1"/>
						<line number="73" hits="1"/>
						<line number="76" hits="1"/>
						<line number="78" hits="1"/>
						<line number="79" hits="1"/>
						<line number="80" hits="1"/>
						<line number="83" hits="1"/>
						<line number="97" hits="1"/>
						<line number="100" hits="1"/>
						<line number="102" hits="1" branch="true" condition-coverage="100% (2/2)"/>
						<line number="103" hits="1"/>
						<line number="105" hits="1"/>
						<line number="108" hits="1"/>
						<line number="115" hits="1" branch="true" condition-coverage="100% (2/2)"/>
						<line number="117" hits="1"/>
						<line number="121" hits="1"/>
						<line number="124" hits="1"/>
						<line number="129" hits="1"/>
						<line number="136" hits="1" branch="true" condition-coverage="100% (2/2)"/>
						<line number="137" hits="1"/>
						<line number="139" hits="1"/>
						<line number="141" hits="1"/>
						<line number="144" hits="1"/>
						<line number="146" hits="1"/>
						<line number="148" hits="1"/>
						<line number="150" hits="1"/>
						<line number="151" hits="1"/>
						<line number="152" hits="1"/>
						<line number="154" hits="1" branch="true" condition-coverage="100% (2/2)"/>
						<line number="156" hits="1"/>
						<line number="161" hits="1"/>
						<line number="164" hits="1"/>
						<line number="167" hits="1"/>
						<line number="177" hits="1"/>
						<line number="179" hits="1"/>
						<line number="180" hits="1"/>
						<line number="182" hits="1"/>
						<line number="189" hits="1"/>
						<line number="200" hits="1"/>
						<line number="201" hits="1"/>
						<line number="203" hits="1"/>
						<line number="204" hits="1"/>
						<line number="214" hits="1"/>
						<line number="227" hits="1" branch="true" condition-coverage="100% (2/2)"/>
						<line number="228" hits="1"/>
						<line number="230" hits="1"/>
						<line number="231" hits="1"/>
						<line number="233" hits="1"/>
						<line number="235" hits="1" branch="true" condition-coverage="100% (2/2)"/>
						<line number="236" hits="1"/>
						<line number="238" hits="1"/>
						<line number="239" hits="1"/>
						<line number="242" hits="1"/>
						<line number="244" hits="1"/>
						<line number="245" hits="1"/>
						<line number="247" hits="1"/>
						<line number="250" hits="1"/>
						<line number="266" hits="1"/>
						<line number="269" hits="1"/>
						<line number="272" hits="1"/>
						<line number="279" hits="1" branch="true" condition-coverage="100% (2/2)"/>
						<line number="280" hits="1"/>
						<line number="282" hits="1"/>
						<line number="284" hits="1"/>
					</lines>
				</class>
				<class name="config.py" filename="awslabs/ecs_mcp_server/utils/config.py" complexity="0" line-rate="1" branch-rate="1">
					<methods/>
					<lines>
						<line number="19" hits="1"/>
						<line number="20" hits="1"/>
						<line number="21" hits="1"/>
						<line number="23" hits="1"/>
						<line number="26" hits="1"/>
						<line number="33" hits="1"/>
						<line number="44" hits="1"/>
						<line number="45" hits="1"/>
					</lines>
				</class>
				<class name="docker.py" filename="awslabs/ecs_mcp_server/utils/docker.py" complexity="0" line-rate="0.9417" branch-rate="0.8462">
					<methods/>
					<lines>
						<line number="19" hits="1"/>
						<line number="20" hits="1"/>
						<line number="21" hits="1"/>
						<line number="22" hits="1"/>
						<line number="23" hits="1"/>
						<line number="24" hits="1"/>
						<line number="26" hits="1"/>
						<line number="28" hits="1"/>
						<line number="31" hits="1"/>
						<line number="41" hits="1"/>
						<line number="43" hits="1" branch="true" condition-coverage="100% (2/2)"/>
						<line number="44" hits="1"/>
						<line number="46" hits="1"/>
						<line number="48" hits="1"/>
						<line number="51" hits="1"/>
						<line number="53" hits="1"/>
						<line number="56" hits="1"/>
						<line number="57" hits="1"/>
						<line number="60" hits="1"/>
						<line number="62" hits="1"/>
						<line number="63" hits="1"/>
						<line number="64" hits="1"/>
						<line number="65" hits="1"/>
						<line number="66" hits="1"/>
						<line number="67" hits="1"/>
						<line number="68" hits="1"/>
						<line number="71" hits="1"/>
						<line number="89" hits="1" branch="true" condition-coverage="100% (2/2)"/>
						<line number="90" hits="1"/>
						<line number="92" hits="1" branch="true" condition-coverage="100% (2/2)"/>
						<line number="93" hits="1"/>
						<line number="95" hits="1"/>
						<line number="97" hits="1"/>
						<line number="99" hits="1"/>
						<line number="100" hits="1"/>
						<line number="101" hits="1"/>
						<line number="103" hits="1"/>
						<line number="104" hits="1"/>
						<line number="105" hits="1"/>
						<line number="106" hits="1" branch="true" condition-coverage="50% (1/2)" missing-branches="110"/>
						<line number="107" hits="1"/>
						<line number="110" hits="1"/>
						<line number="111" hits="1" branch="true" condition-coverage="100% (2/2)"/>
						<line number="112" hits="1"/>
						<line number="115" hits="1"/>
						<line number="118" hits="1"/>
						<line number="119" hits="1"/>
						<line number="120" hits="1"/>
						<line number="121" hits="1"/>
						<line number="122" hits="0"/>
						<line number="123" hits="0"/>
						<line number="124" hits="0"/>
						<line number="127" hits="1"/>
						<line number="128" hits="1"/>
						<line number="137" hits="1"/>
						<line number="146" hits="1" branch="true" condition-coverage="100% (2/2)"/>
						<line number="147" hits="1"/>
						<line number="148" hits="1"/>
						<line number="150" hits="1"/>
						<line number="154" hits="1"/>
						<line number="157" hits="1"/>
						<line number="159" hits="1"/>
						<line number="171" hits="1"/>
						<line number="172" hits="1"/>
						<line number="176" hits="1" branch="true" condition-coverage="100% (2/2)"/>
						<line number="177" hits="1"/>
						<line number="178" hits="1"/>
						<line number="180" hits="1"/>
						<line number="182" hits="1"/>
						<line number="185" hits="1"/>
						<line number="195" hits="1"/>
						<line number="196" hits="1"/>
						<line number="200" hits="1" branch="true" condition-coverage="100% (2/2)"/>
						<line number="201" hits="1"/>
						<line number="202" hits="1"/>
						<line number="204" hits="1"/>
						<line number="205" hits="1"/>
						<line number="208" hits="1"/>
						<line number="211" hits="1"/>
						<line number="213" hits="1"/>
						<line number="217" hits="1" branch="true" condition-coverage="100% (2/2)"/>
						<line number="218" hits="1"/>
						<line number="219" hits="1"/>
						<line number="221" hits="1"/>
						<line number="222" hits="1"/>
						<line number="225" hits="1"/>
						<line number="226" hits="1"/>
						<line number="229" hits="1"/>
						<line number="240" hits="1" branch="true" condition-coverage="50% (1/2)" missing-branches="241"/>
						<line number="241" hits="0"/>
						<line number="244" hits="1" branch="true" condition-coverage="50% (1/2)" missing-branches="247"/>
						<line number="245" hits="1"/>
						<line number="247" hits="1"/>
						<line number="251" hits="1" branch="true" condition-coverage="100% (2/2)"/>
						<line number="252" hits="1"/>
						<line number="254" hits="1"/>
						<line number="255" hits="1" branch="true" condition-coverage="50% (1/2)" missing-branches="256"/>
						<line number="256" hits="0"/>
						<line number="259" hits="0"/>
						<line number="261" hits="1"/>
						<line number="263" hits="1"/>
						<line number="264" hits="1"/>
						<line number="265" hits="1"/>
					</lines>
				</class>
				<class name="security.py" filename="awslabs/ecs_mcp_server/utils/security.py" complexity="0" line-rate="1" branch-rate="0.975">
					<methods/>
					<lines>
						<line number="19" hits="1"/>
						<line number="20" hits="1"/>
						<line number="21" hits="1"/>
						<line number="22" hits="1"/>
						<line number="23" hits="1"/>
						<line number="24" hits="1"/>
						<line number="26" hits="1"/>
						<line number="29" hits="1"/>
						<line number="30" hits="1"/>
						<line number="31" hits="1"/>
						<line number="34" hits="1"/>
						<line number="37" hits="1"/>
						<line number="40" hits="1"/>
						<line number="43" hits="1"/>
						<line number="46" hits="1"/>
						<line number="49" hits="1"/>
						<line number="69" hits="1" branch="true" condition-coverage="100% (2/2)"/>
						<line number="70" hits="1"/>
						<line number="73" hits="1" branch="true" condition-coverage="100% (2/2)"/>
						<line number="74" hits="1" branch="true" condition-coverage="100% (2/2)"/>
						<line number="75" hits="1"/>
						<line number="77" hits="1"/>
						<line number="88" hits="1"/>
						<line number="90" hits="1" branch="true" condition-coverage="100% (2/2)"/>
						<line number="91" hits="1"/>
						<line number="92" hits="1"/>
						<line number="97" hits="1"/>
						<line number="100" hits="1"/>
						<line number="114" hits="1"/>
						<line number="117" hits="1" branch="true" condition-coverage="100% (2/2)"/>
						<line number="118" hits="1"/>
						<line number="121" hits="1"/>
						<line number="128" hits="1" branch="true" condition-coverage="100% (2/2)"/>
						<line number="129" hits="1" branch="true" condition-coverage="100% (2/2)"/>
						<line number="130" hits="1"/>
						<line number="132" hits="1"/>
						<line number="135" hits="1"/>
						<line number="149" hits="1"/>
						<line number="152" hits="1"/>
						<line number="153" hits="1"/>
						<line number="154" hits="1"/>
						<line number="155" hits="1"/>
						<line number="156" hits="1"/>
						<line number="159" hits="1"/>
						<line number="160" hits="1"/>
						<line number="161" hits="1"/>
						<line number="162" hits="1"/>
						<line number="165" hits="1" branch="true" condition-coverage="100% (2/2)"/>
						<line number="166" hits="1"/>
						<line number="169" hits="1" branch="true" condition-coverage="100% (2/2)"/>
						<line number="170" hits="1"/>
						<line number="173" hits="1" branch="true" condition-coverage="100% (2/2)"/>
						<line number="174" hits="1"/>
						<line number="177" hits="1" branch="true" condition-coverage="100% (2/2)"/>
						<line number="178" hits="1"/>
						<line number="182" hits="1"/>
						<line number="185" hits="1"/>
						<line number="199" hits="1" branch="true" condition-coverage="100% (2/2)"/>
						<line number="200" hits="1"/>
						<line number="205" hits="1" branch="true" condition-coverage="100% (2/2)"/>
						<line number="208" hits="1"/>
						<line number="213" hits="1"/>
						<line number="216" hits="1"/>
						<line number="220" hits="1"/>
						<line number="234" hits="1"/>
						<line number="266" hits="1"/>
						<line number="267" hits="1"/>
						<line number="277" hits="1" branch="true" condition-coverage="100% (2/2)"/>
						<line number="278" hits="1"/>
						<line number="279" hits="1" branch="true" condition-coverage="100% (2/2)"/>
						<line number="280" hits="1"/>
						<line number="281" hits="1" branch="true" condition-coverage="100% (2/2)"/>
						<line number="282" hits="1"/>
						<line number="284" hits="1"/>
						<line number="286" hits="1"/>
						<line number="287" hits="1"/>
						<line number="297" hits="1"/>
						<line number="298" hits="1" branch="true" condition-coverage="100% (2/2)"/>
						<line number="302" hits="1"/>
						<line number="303" hits="1"/>
						<line number="305" hits="1"/>
						<line number="306" hits="1"/>
						<line number="316" hits="1" branch="true" condition-coverage="100% (2/2)"/>
						<line number="317" hits="1"/>
						<line number="318" hits="1"/>
						<line number="320" hits="1"/>
						<line number="321" hits="1"/>
						<line number="331" hits="1" branch="true" condition-coverage="50% (1/2)" missing-branches="341"/>
						<line number="333" hits="1" branch="true" condition-coverage="100% (2/2)"/>
						<line number="334" hits="1"/>
						<line number="335" hits="1"/>
						<line number="341" hits="1"/>
						<line number="344" hits="1"/>
						<line number="359" hits="1"/>
						<line number="360" hits="1"/>
						<line number="361" hits="1"/>
						<line number="362" hits="1"/>
						<line number="364" hits="1"/>
						<line number="366" hits="1"/>
						<line number="368" hits="1"/>
						<line number="370" hits="1"/>
						<line number="373" hits="1"/>
						<line number="374" hits="1"/>
						<line number="376" hits="1"/>
						<line number="378" hits="1"/>
						<line number="379" hits="1"/>
						<line number="387" hits="1"/>
						<line number="389" hits="1"/>
					</lines>
				</class>
				<class name="templates.py" filename="awslabs/ecs_mcp_server/utils/templates.py" complexity="0" line-rate="1" branch-rate="1">
					<methods/>
					<lines>
						<line number="19" hits="1"/>
						<line number="20" hits="1"/>
						<line number="22" hits="1"/>
						<line number="25" hits="1"/>
						<line number="32" hits="1"/>
						<line number="36" hits="1" branch="true" condition-coverage="100% (2/2)"/>
						<line number="37" hits="1"/>
						<line number="38" hits="1"/>
						<line number="40" hits="1"/>
					</lines>
				</class>
				<class name="time_utils.py" filename="awslabs/ecs_mcp_server/utils/time_utils.py" complexity="0" line-rate="1" branch-rate="1">
					<methods/>
					<lines>
						<line number="19" hits="1"/>
						<line number="20" hits="1"/>
						<line number="23" hits="1"/>
						<line number="45" hits="1"/>
						<line number="48" hits="1" branch="true" condition-coverage="100% (2/2)"/>
						<line number="50" hits="1"/>
						<line number="53" hits="1"/>
						<line number="57" hits="1" branch="true" condition-coverage="100% (2/2)"/>
						<line number="59" hits="1"/>
						<line number="62" hits="1" branch="true" condition-coverage="100% (2/2)"/>
						<line number="64" hits="1"/>
						<line number="67" hits="1"/>
						<line number="69" hits="1"/>
					</lines>
				</class>
			</classes>
		</package>
	</packages>
</coverage>
